[09:00:06] === Generating: korean 10 step skincare routine for beginners (k_beauty) ===
[09:01:54]   title: Korean 10 Step Skincare Routine for Beginners Guide
[09:01:54]   slug: korean-10-step-skincare-routine-for-beginners
[09:01:55]   image: 54KB
[09:01:55]   written: korean-10-step-skincare-routine-for-beginners.html (23KB)
[09:01:56]   IndexNow [200] https://api.indexnow.org/indexnow
[09:01:56]   IndexNow [200] https://www.bing.com/indexnow
[09:01:58]   IndexNow [202] https://yandex.com/indexnow
[09:01:58]   IndexNow [200] https://searchadvisor.naver.com/indexnow
[09:01:58] === DONE — 3 total ===
[13:00:02] === Generating: korean kimchi recipe authentic homemade (k_food) ===
[13:01:37]   title: Authentic Korean Kimchi Recipe: Homemade Traditional Guide
[13:01:37]   slug: korean-kimchi-recipe-authentic-homemade
[13:01:39]   image: 116KB
[13:01:39]   written: korean-kimchi-recipe-authentic-homemade.html (22KB)
[13:01:39]   IndexNow [200] https://api.indexnow.org/indexnow
[13:01:40]   IndexNow [200] https://www.bing.com/indexnow
[13:01:41]   IndexNow [202] https://yandex.com/indexnow
[13:01:41]   IndexNow [200] https://searchadvisor.naver.com/indexnow
[13:01:41] === DONE — 4 total ===
[17:00:00] === Generating: seoul travel guide hidden gems locals (k_travel) ===
[17:01:18]   title: Seoul Hidden Gems: A Local's Travel Guide
[17:01:18]   slug: seoul-travel-guide-hidden-gems-locals
[17:01:20]   image: 104KB
[17:01:20]   written: seoul-travel-guide-hidden-gems-locals.html (18KB)
[17:01:20]   IndexNow [200] https://api.indexnow.org/indexnow
[17:01:21]   IndexNow [200] https://www.bing.com/indexnow
[17:01:22]   IndexNow [202] https://yandex.com/indexnow
[17:01:22]   IndexNow [200] https://searchadvisor.naver.com/indexnow
[17:01:22] === DONE — 5 total ===
[21:00:00] === Generating: kpop comeback schedule 2026 (k_pop) ===
[21:01:19]   title: K-Pop Comeback Schedule 2026: What to Expect
[21:01:19]   slug: kpop-comeback-schedule-2026
[21:01:33]   image: 81KB
[21:01:33]   written: kpop-comeback-schedule-2026.html (19KB)
[21:01:34]   IndexNow [200] https://api.indexnow.org/indexnow
[21:01:35]   IndexNow [200] https://www.bing.com/indexnow
[21:01:36]   IndexNow [202] https://yandex.com/indexnow
[21:01:36]   IndexNow [200] https://searchadvisor.naver.com/indexnow
[21:01:36] === DONE — 6 total ===
