[06:00:02] === Lang: en ===
[06:00:02] === Generating [en]: k beauty glass skin step by step (k_beauty) ===
[06:01:17]   title: K Beauty Glass Skin Step by Step Guide
[06:01:17]   slug: k-beauty-glass-skin-step-by-step
[09:00:02] === Lang: en ===
[09:00:02] === Generating [en]: k beauty glass skin step by step (k_beauty) ===
[09:01:14]   title: K Beauty Glass Skin Step by Step Guide
[09:01:14]   slug: k-beauty-glass-skin-step-by-step
[09:01:35]   image: 53KB
[09:01:35]   written: k-beauty-glass-skin-step-by-step.html (17KB)
[09:01:36]   IndexNow [200] https://api.indexnow.org/indexnow
[09:01:36]   IndexNow [200] https://www.bing.com/indexnow
[09:01:37]   IndexNow [202] https://yandex.com/indexnow
[09:01:38]   IndexNow [200] https://searchadvisor.naver.com/indexnow
[09:01:38] === DONE — 17 total (15 for en) ===
[11:05:02] === Lang: en ===
[11:05:02] === Generating [en]: korean bbq at home guide cuts (k_food) ===
[11:06:14]   title: Korean BBQ at Home Guide: Best Cuts & Tips
[11:06:14]   slug: korean-bbq-at-home-guide-cuts
[11:07:54] === Lang: en ===
[11:07:54] === Generating [en]: korean bbq at home guide cuts (k_food) ===
