[06:00:02] === Generating: best korean sunscreen 2026 reviews (k_beauty) ===
[06:01:17]   title: Best Korean Sunscreen 2026: Honest Reviews
[06:01:17]   slug: best-korean-sunscreen-2026-reviews
[09:00:04] === Generating: best korean sunscreen 2026 reviews (k_beauty) ===
[09:01:18]   title: Best Korean Sunscreen 2026 Reviews & Top Picks
[09:01:18]   slug: best-korean-sunscreen-2026-reviews
[09:01:35]   image: 50KB
[09:01:35]   written: best-korean-sunscreen-2026-reviews.html (18KB)
[09:01:36]   IndexNow [200] https://api.indexnow.org/indexnow
[09:01:37]   IndexNow [200] https://www.bing.com/indexnow
[09:01:38]   IndexNow [202] https://yandex.com/indexnow
[09:01:38]   IndexNow [200] https://searchadvisor.naver.com/indexnow
[09:01:38] === DONE — 7 total ===
[13:00:01] === Generating: korea travel itinerary 7 days first time (k_travel) ===
[13:01:24]   title: Korea 7-Day Itinerary for First-Time Visitors
[13:01:24]   slug: korea-travel-itinerary-7-days-first-time
[13:01:27]   image: 97KB
[13:01:27]   written: korea-travel-itinerary-7-days-first-time.html (19KB)
[13:01:27]   IndexNow [200] https://api.indexnow.org/indexnow
[13:01:28]   IndexNow [200] https://www.bing.com/indexnow
[13:01:29]   IndexNow [202] https://yandex.com/indexnow
[13:01:29]   IndexNow [200] https://searchadvisor.naver.com/indexnow
[13:01:29] === DONE — 8 total ===
[17:00:02] === Generating: korean grammar basics topik 1 study guide (korean_language) ===
[21:00:02] === Generating: korean grammar basics topik 1 study guide (korean_language) ===
[21:01:12]   title: Korean Grammar Basics: TOPIK 1 Study Guide
[21:01:12]   slug: korean-grammar-basics-topik-1-study-guide
[21:01:33]   image: 100KB
[21:01:33]   written: korean-grammar-basics-topik-1-study-guide.html (18KB)
[21:01:34]   IndexNow [200] https://api.indexnow.org/indexnow
[21:01:34]   IndexNow [200] https://www.bing.com/indexnow
[21:01:36]   IndexNow [202] https://yandex.com/indexnow
[21:01:36]   IndexNow [200] https://searchadvisor.naver.com/indexnow
[21:01:36] === DONE — 9 total ===
