[06:00:02] === Lang: en ===
[06:00:02] === Generating [en]: korean age system how to calculate (k_culture) ===
[09:00:04] === Lang: en ===
[09:00:04] === Generating [en]: korean age system how to calculate (k_culture) ===
[09:01:10]   title: Korean Age System: How to Calculate Yours
[09:01:10]   slug: korean-age-system-how-to-calculate
[09:01:36]   image: 72KB
[09:01:36]   written: korean-age-system-how-to-calculate.html (17KB)
[09:01:37]   IndexNow [200] https://api.indexnow.org/indexnow
[09:01:37]   IndexNow [200] https://www.bing.com/indexnow
[09:01:39]   IndexNow [202] https://yandex.com/indexnow
[09:01:39]   IndexNow [200] https://searchadvisor.naver.com/indexnow
[09:01:39] === DONE — 10 total (10 for en) ===
[11:08:05] === Lang: ja ===
[11:08:05] === Generating [ja]: 韓国 占い 当たる 種類 (korean_astrology_intro) ===
[11:09:13]   title: 韓国占いの種類と当たる理由を徹底解説
[11:09:13]   slug: korean-fortune-telling-types-and-accuracy
[11:09:15]   image: 103KB
[11:09:15]   written: korean-fortune-telling-types-and-accuracy.html (15KB)
[11:09:15]   IndexNow [200] https://api.indexnow.org/indexnow
[11:09:16]   IndexNow [200] https://www.bing.com/indexnow
[11:09:17]   IndexNow [202] https://yandex.com/indexnow
[11:09:17]   IndexNow [200] https://searchadvisor.naver.com/indexnow
[11:09:17] === DONE — 11 total (1 for ja) ===
[11:09:33] === Lang: ja ===
[11:09:33] === Generating [ja]: 四柱推命 無料 自動計算 (saju_technical) ===
[11:09:35] === Lang: zh ===
[11:09:35] === Generating [zh]: 韓國 八字 算命 入門 教學 (korean_bazi_intro) ===
[11:10:31]   title: 四柱推命 無料 自動計算｜簡単に命式を出す方法
[11:10:31]   slug: saju-free-auto-calculation-guide
[11:10:45]   image: 89KB
[11:10:45]   written: saju-free-auto-calculation-guide.html (15KB)
[11:10:45]   IndexNow [200] https://api.indexnow.org/indexnow
[11:10:46]   title: 韓國八字算命入門教學：從零開始看懂四柱命理
[11:10:46]   slug: korean-bazi-fortune-telling-beginner-guide
[11:10:46]   IndexNow [200] https://www.bing.com/indexnow
[11:10:47]   IndexNow [202] https://yandex.com/indexnow
[11:10:47]   IndexNow [200] https://searchadvisor.naver.com/indexnow
[11:10:47] === DONE — 12 total (2 for ja) ===
[11:10:49] === Lang: ja ===
[11:10:49] === Generating [ja]: 韓国 占い 人気 ランキング (korean_astrology_intro) ===
[11:10:52] === Lang: zh ===
[11:10:52] === Generating [zh]: 韓國 八字 算命 入門 教學 (korean_bazi_intro) ===
[11:11:50]   title: 韓国占い人気ランキング！種類と特徴を徹底解説
[11:11:50]   slug: korea-uranai-ninki-ranking
[11:11:51] === Lang: ja ===
[11:11:51] === Generating [ja]: 韓国 占い 人気 ランキング (korean_astrology_intro) ===
[11:12:09]   title: 韓國八字算命入門教學：從零開始學懂四柱命理
[11:12:09]   slug: korean-bazi-fortune-telling-beginner-guide
[11:12:10] === Lang: zh ===
[11:12:10] === Generating [zh]: 韓國 八字 算命 入門 教學 (korean_bazi_intro) ===
[11:12:14]   image: 74KB
[11:12:14]   written: korean-bazi-fortune-telling-beginner-guide.html (15KB)
[11:12:15]   IndexNow [200] https://api.indexnow.org/indexnow
[11:12:16]   IndexNow [200] https://www.bing.com/indexnow
[11:12:17]   IndexNow [202] https://yandex.com/indexnow
[11:12:17]   IndexNow [200] https://searchadvisor.naver.com/indexnow
[11:12:17] === DONE — 12 total (1 for zh) ===
[13:00:02] === Lang: en ===
[13:00:02] === Generating [en]: easy korean recipes beginners cookbook (k_food) ===
[13:01:16]   title: Easy Korean Recipes Beginners Cookbook Guide
[13:01:16]   slug: easy-korean-recipes-beginners-cookbook
[13:01:18]   image: 105KB
[13:01:18]   written: easy-korean-recipes-beginners-cookbook.html (18KB)
[13:01:19]   IndexNow [200] https://api.indexnow.org/indexnow
[13:01:19]   IndexNow [200] https://www.bing.com/indexnow
[13:01:21]   IndexNow [200] https://yandex.com/indexnow
[13:01:21]   IndexNow [200] https://searchadvisor.naver.com/indexnow
[13:01:21] === DONE — 13 total (11 for en) ===
