[22:16:11] === Generating: korea cherry blossom 2026 best spots dates (k_travel) ===
[22:18:02]   title: Korea Cherry Blossom 2026: Best Spots & Bloom Dates Guide
[22:18:02]   slug: korea-cherry-blossom-2026-best-spots-dates
[22:18:03]   image: 152KB
[22:18:03]   written: korea-cherry-blossom-2026-best-spots-dates.html (24KB)
[22:18:04]   IndexNow [200] https://api.indexnow.org/indexnow
[22:18:04]   IndexNow [200] https://www.bing.com/indexnow
[22:18:06]   IndexNow [202] https://yandex.com/indexnow
[22:18:06]   IndexNow [200] https://searchadvisor.naver.com/indexnow
[22:18:06] === DONE — 1 total ===
[22:37:33] === Generating: learn korean alphabet hangul beginner 30 days (korean_language) ===
[22:37:37] === Generating: learn korean alphabet hangul beginner 30 days (korean_language) ===
[22:37:42] === Generating: learn korean alphabet hangul beginner 30 days (korean_language) ===
[22:39:43]   title: Learn Korean Alphabet Hangul in 30 Days: Complete Guide
[22:39:43]   slug: learn-korean-alphabet-hangul-beginner-30-days
[22:39:45]   image: 85KB
[22:39:45]   written: learn-korean-alphabet-hangul-beginner-30-days.html (25KB)
[22:39:45]   IndexNow [200] https://api.indexnow.org/indexnow
[22:39:46]   IndexNow [200] https://www.bing.com/indexnow
[22:39:47]   IndexNow [202] https://yandex.com/indexnow
[22:39:47]   IndexNow [200] https://searchadvisor.naver.com/indexnow
[22:39:47] === DONE — 2 total ===
