[2026-04-18T13:59:02] [korlens] C:\Users\hdh02/Desktop/korlens
[2026-04-18T13:59:03] [tax] C:\Users\hdh02/Desktop/cheonmyeongdang/departments/tax/server
[2026-04-18T13:59:04]   · npm audit fix 예정: 취약점 22개
[2026-04-18T13:59:04] [hexdrop] C:\Users\hdh02/Desktop/hexdrop
[2026-04-18T13:59:04]   · .gitignore 생성 (env/vercel 패턴 추가)
[2026-04-18T13:59:04] 총 수정 2건
[2026-05-07T16:41:55] [korlens] C:\Users\hdh02/Desktop/korlens
[2026-05-07T16:42:05]   · npm audit fix 실행 완료
[2026-05-07T16:42:05] [tax] C:\Users\hdh02/Desktop/cheonmyeongdang/departments/tax/server
[2026-05-07T16:42:09]   · npm audit fix 실행 완료
[2026-05-07T16:42:09] [hexdrop] C:\Users\hdh02/Desktop/hexdrop
[2026-05-07T16:42:09]   · .gitignore에 .env* 추가
[2026-05-07T16:42:10] 총 수정 3건
[2026-05-07T16:56:53] [korlens] C:\Users\hdh02/Desktop/korlens
[2026-05-07T16:56:58]   · npm audit fix 실행 완료
[2026-05-07T16:56:58] [tax] C:\Users\hdh02/Desktop/cheonmyeongdang/departments/tax/server
[2026-05-07T16:57:01]   · npm audit fix 실행 완료
[2026-05-07T16:57:01] [hexdrop] C:\Users\hdh02/Desktop/hexdrop
[2026-05-07T16:57:03] 총 수정 2건
[2026-05-08T03:00:23] [korlens] C:\Users\hdh02/Desktop/korlens
[2026-05-08T03:00:29]   · npm audit fix 실행 완료
[2026-05-08T03:00:29] [tax] C:\Users\hdh02/Desktop/cheonmyeongdang/departments/tax/server
[2026-05-08T03:00:32]   · npm audit fix 실행 완료
[2026-05-08T03:00:32] [hexdrop] C:\Users\hdh02/Desktop/hexdrop
[2026-05-08T03:00:34] 총 수정 2건
