[18:24:19] === telegram_watch start ===
[18:24:19] scanned text len: 214992
[18:24:20] detected 1 new issue(s)
[18:24:20]   [critical] YouTube OAuth/uploader 오류 :: name 'os' is not defined
[18:24:20]     handler -> ok=True msg=already fixed
[18:24:20] === done ===
[18:55:42] === telegram_watch start ===
[18:55:42] scanned text len: 216098
[18:55:42] detected 0 new issue(s)
[18:55:42] === done ===
[21:14:41] === telegram_watch start ===
[21:14:41] scanned text len: 221055
[21:14:41] detected 0 new issue(s)
[21:14:41] === done ===
[22:14:02] === telegram_watch start ===
[22:14:02] scanned text len: 222951
[22:14:02] detected 0 new issue(s)
[22:14:02] === done ===
[23:14:01] === telegram_watch start ===
[23:14:01] scanned text len: 224847
[23:14:01] detected 0 new issue(s)
[23:14:01] === done ===
