[13:08:14] start: 0 already collected today
[13:08:14] [ERR] kpop: HTTP Error 403: Forbidden
[13:08:14] [ERR] k-pop: HTTP Error 403: Forbidden
[13:08:14] [ERR] kdrama: HTTP Error 403: Forbidden
[13:08:14] [ERR] k-drama: HTTP Error 403: Forbidden
[13:08:14] [ERR] kculture: HTTP Error 403: Forbidden
[13:08:14] [ERR] k-culture: HTTP Error 403: Forbidden
[13:08:14] [ERR] korean food: HTTP Error 403: Forbidden
[13:08:14] [ERR] kimchi: HTTP Error 403: Forbidden
[13:08:14] [ERR] bibimbap: HTTP Error 403: Forbidden
[13:08:14] [ERR] bts: HTTP Error 403: Forbidden
[13:08:14] [ERR] blackpink: HTTP Error 403: Forbidden
[13:08:14] [ERR] newjeans: HTTP Error 403: Forbidden
[13:08:14] [ERR] stray kids: HTTP Error 403: Forbidden
[13:08:15] [ERR] twice: HTTP Error 403: Forbidden
[13:08:15] [ERR] hanbok: HTTP Error 403: Forbidden
[13:08:15] [ERR] saju: HTTP Error 403: Forbidden
[13:08:15] [ERR] korean tradition: HTTP Error 403: Forbidden
[13:08:15] [ERR] seoul: HTTP Error 403: Forbidden
[13:08:15] [ERR] busan: HTTP Error 403: Forbidden
[13:08:15] [ERR] jeju: HTTP Error 403: Forbidden
[13:08:15] [ERR] korean beauty: HTTP Error 403: Forbidden
[13:08:15] [ERR] kbeauty: HTTP Error 403: Forbidden
[13:08:15] [ERR] k-beauty: HTTP Error 403: Forbidden
[13:08:15] [ERR] korean drama: HTTP Error 403: Forbidden
[13:08:15] [ERR] korean movie: HTTP Error 403: Forbidden
[13:08:15] [ERR] 한국: HTTP Error 403: Forbidden
[13:08:15] [ERR] 케이팝: HTTP Error 403: Forbidden
[13:08:15] [ERR] 한복: HTTP Error 403: Forbidden
[13:08:16] [OK] +0 new K-culture posts. total today: 0
[13:08:16] [skeleton] 0 posts → C:\Users\hdh02\Desktop\cheonmyeongdang\departments\bluesky_feed\data\skeleton.json
[13:08:30] start: 0 already collected today
[13:08:30] [ERR] kpop: HTTP Error 403: Forbidden
[13:08:30] [ERR] k-pop: HTTP Error 403: Forbidden
[13:08:30] [ERR] kdrama: HTTP Error 403: Forbidden
[13:08:30] [ERR] k-drama: HTTP Error 403: Forbidden
[13:08:30] [ERR] kculture: HTTP Error 403: Forbidden
[13:08:30] [ERR] k-culture: HTTP Error 403: Forbidden
[13:08:30] [ERR] korean food: HTTP Error 403: Forbidden
[13:08:30] [ERR] kimchi: HTTP Error 403: Forbidden
[13:08:31] [ERR] bibimbap: HTTP Error 403: Forbidden
[13:08:31] [ERR] bts: HTTP Error 403: Forbidden
[13:08:31] [ERR] blackpink: HTTP Error 403: Forbidden
[13:08:31] [ERR] newjeans: HTTP Error 403: Forbidden
[13:08:31] [ERR] stray kids: HTTP Error 403: Forbidden
[13:08:31] [ERR] twice: HTTP Error 403: Forbidden
[13:08:31] [ERR] hanbok: HTTP Error 403: Forbidden
[13:08:31] [ERR] saju: HTTP Error 403: Forbidden
[13:08:31] [ERR] korean tradition: HTTP Error 403: Forbidden
[13:08:31] [ERR] seoul: HTTP Error 403: Forbidden
[13:08:31] [ERR] busan: HTTP Error 403: Forbidden
[13:08:31] [ERR] jeju: HTTP Error 403: Forbidden
[13:08:31] [ERR] korean beauty: HTTP Error 403: Forbidden
[13:08:31] [ERR] kbeauty: HTTP Error 403: Forbidden
[13:08:31] [ERR] k-beauty: HTTP Error 403: Forbidden
[13:08:32] [ERR] korean drama: HTTP Error 403: Forbidden
[13:08:32] [ERR] korean movie: HTTP Error 403: Forbidden
[13:08:32] [ERR] 한국: HTTP Error 403: Forbidden
[13:08:32] [ERR] 케이팝: HTTP Error 403: Forbidden
[13:08:32] [ERR] 한복: HTTP Error 403: Forbidden
[13:08:32] [OK] +0 new K-culture posts. total today: 0
[13:08:32] [skeleton] 0 posts → C:\Users\hdh02\Desktop\cheonmyeongdang\departments\bluesky_feed\data\skeleton.json
[13:09:16] [auth] logged in as kunstudio.bsky.social
[13:09:16] start: 0 already collected today
[13:09:51] [OK] +669 new K-culture posts. total today: 669
[13:09:51] [skeleton] 100 posts → C:\Users\hdh02\Desktop\cheonmyeongdang\departments\bluesky_feed\data\skeleton.json
[14:10:02] [auth] logged in as kunstudio.bsky.social
[14:10:02] start: 666 already collected today
[14:10:37] [OK] +96 new K-culture posts. total today: 762
[14:10:37] [skeleton] 100 posts → C:\Users\hdh02\Desktop\cheonmyeongdang\departments\bluesky_feed\data\skeleton.json
[15:10:02] [auth] logged in as kunstudio.bsky.social
[15:10:02] start: 759 already collected today
[15:10:37] [OK] +100 new K-culture posts. total today: 859
[15:10:37] [skeleton] 100 posts → C:\Users\hdh02\Desktop\cheonmyeongdang\departments\bluesky_feed\data\skeleton.json
[16:10:01] [auth] logged in as kunstudio.bsky.social
[16:10:01] start: 856 already collected today
[16:10:36] [OK] +96 new K-culture posts. total today: 952
[16:10:36] [skeleton] 100 posts → C:\Users\hdh02\Desktop\cheonmyeongdang\departments\bluesky_feed\data\skeleton.json
[17:10:01] [auth] logged in as kunstudio.bsky.social
[17:10:01] start: 949 already collected today
[17:10:35] [OK] +82 new K-culture posts. total today: 1031
[17:10:35] [skeleton] 100 posts → C:\Users\hdh02\Desktop\cheonmyeongdang\departments\bluesky_feed\data\skeleton.json
[18:10:01] [auth] logged in as kunstudio.bsky.social
[18:10:02] start: 1027 already collected today
[18:10:37] [OK] +89 new K-culture posts. total today: 1116
[18:10:37] [skeleton] 100 posts → C:\Users\hdh02\Desktop\cheonmyeongdang\departments\bluesky_feed\data\skeleton.json
[19:10:01] [auth] logged in as kunstudio.bsky.social
[19:10:01] start: 1112 already collected today
[19:10:37] [OK] +88 new K-culture posts. total today: 1200
[19:10:37] [skeleton] 100 posts → C:\Users\hdh02\Desktop\cheonmyeongdang\departments\bluesky_feed\data\skeleton.json
[20:10:01] [auth] logged in as kunstudio.bsky.social
[20:10:01] start: 1196 already collected today
[20:10:37] [OK] +112 new K-culture posts. total today: 1308
[20:10:37] [skeleton] 100 posts → C:\Users\hdh02\Desktop\cheonmyeongdang\departments\bluesky_feed\data\skeleton.json
[21:10:01] [auth] logged in as kunstudio.bsky.social
[21:10:01] start: 1304 already collected today
[21:10:30] [ERR] k-beauty: HTTP Error 502: Bad Gateway
[21:10:36] [OK] +93 new K-culture posts. total today: 1397
[21:10:36] [skeleton] 100 posts → C:\Users\hdh02\Desktop\cheonmyeongdang\departments\bluesky_feed\data\skeleton.json
[22:10:01] [auth] logged in as kunstudio.bsky.social
[22:10:01] start: 1394 already collected today
[22:10:38] [OK] +128 new K-culture posts. total today: 1522
[22:10:38] [skeleton] 100 posts → C:\Users\hdh02\Desktop\cheonmyeongdang\departments\bluesky_feed\data\skeleton.json
[23:10:02] [auth] logged in as kunstudio.bsky.social
[23:10:02] start: 1518 already collected today
[23:10:42] [OK] +107 new K-culture posts. total today: 1625
[23:10:42] [skeleton] 100 posts → C:\Users\hdh02\Desktop\cheonmyeongdang\departments\bluesky_feed\data\skeleton.json
