[00:10:01] [auth] logged in as kunstudio.bsky.social
[00:10:01] start: 0 already collected today
[00:10:35] [OK] +659 new K-culture posts. total today: 659
[00:10:35] [skeleton] 100 posts → C:\Users\hdh02\Desktop\cheonmyeongdang\departments\bluesky_feed\data\skeleton.json
[01:10:01] [auth] logged in as kunstudio.bsky.social
[01:10:01] start: 657 already collected today
[01:10:37] [OK] +127 new K-culture posts. total today: 784
[01:10:37] [skeleton] 100 posts → C:\Users\hdh02\Desktop\cheonmyeongdang\departments\bluesky_feed\data\skeleton.json
[02:10:01] [auth] logged in as kunstudio.bsky.social
[02:10:01] start: 782 already collected today
[02:10:37] [OK] +107 new K-culture posts. total today: 889
[02:10:37] [skeleton] 100 posts → C:\Users\hdh02\Desktop\cheonmyeongdang\departments\bluesky_feed\data\skeleton.json
[03:10:01] [auth] logged in as kunstudio.bsky.social
[03:10:01] start: 887 already collected today
[03:10:37] [OK] +124 new K-culture posts. total today: 1011
[03:10:37] [skeleton] 100 posts → C:\Users\hdh02\Desktop\cheonmyeongdang\departments\bluesky_feed\data\skeleton.json
[04:10:01] [auth] logged in as kunstudio.bsky.social
[04:10:02] start: 1009 already collected today
[04:10:36] [OK] +109 new K-culture posts. total today: 1118
[04:10:36] [skeleton] 100 posts → C:\Users\hdh02\Desktop\cheonmyeongdang\departments\bluesky_feed\data\skeleton.json
[05:10:02] [auth] logged in as kunstudio.bsky.social
[05:10:02] start: 1116 already collected today
[05:10:37] [OK] +91 new K-culture posts. total today: 1207
[05:10:37] [skeleton] 100 posts → C:\Users\hdh02\Desktop\cheonmyeongdang\departments\bluesky_feed\data\skeleton.json
[06:10:02] [auth] logged in as kunstudio.bsky.social
[06:10:02] start: 1205 already collected today
[06:10:42] [OK] +102 new K-culture posts. total today: 1307
[06:10:42] [skeleton] 100 posts → C:\Users\hdh02\Desktop\cheonmyeongdang\departments\bluesky_feed\data\skeleton.json
[07:10:02] [auth] logged in as kunstudio.bsky.social
[07:10:02] start: 1305 already collected today
[07:10:37] [OK] +96 new K-culture posts. total today: 1401
[07:10:37] [skeleton] 100 posts → C:\Users\hdh02\Desktop\cheonmyeongdang\departments\bluesky_feed\data\skeleton.json
[08:10:02] [auth] logged in as kunstudio.bsky.social
[08:10:02] start: 1399 already collected today
[08:10:40] [OK] +89 new K-culture posts. total today: 1488
[08:10:40] [skeleton] 100 posts → C:\Users\hdh02\Desktop\cheonmyeongdang\departments\bluesky_feed\data\skeleton.json
[09:10:01] [auth] logged in as kunstudio.bsky.social
[09:10:01] start: 1486 already collected today
[09:10:36] [OK] +112 new K-culture posts. total today: 1598
[09:10:36] [skeleton] 100 posts → C:\Users\hdh02\Desktop\cheonmyeongdang\departments\bluesky_feed\data\skeleton.json
[10:10:00] [auth] logged in as kunstudio.bsky.social
[10:10:01] start: 1596 already collected today
[10:10:35] [OK] +124 new K-culture posts. total today: 1720
[10:10:35] [skeleton] 100 posts → C:\Users\hdh02\Desktop\cheonmyeongdang\departments\bluesky_feed\data\skeleton.json
[11:10:01] [auth] logged in as kunstudio.bsky.social
[11:10:01] start: 1718 already collected today
[11:10:36] [OK] +100 new K-culture posts. total today: 1818
[11:10:36] [skeleton] 100 posts → C:\Users\hdh02\Desktop\cheonmyeongdang\departments\bluesky_feed\data\skeleton.json
[12:29:26] [ERR] BLUESKY_HANDLE/APP_PASSWORD missing in .secrets
[12:29:26] [skeleton] 100 posts → D:\cheonmyeongdang\departments\bluesky_feed\data\skeleton.json
[12:31:36] [auth] logged in as kunstudio.bsky.social
[12:31:36] start: 1816 already collected today
[12:32:10] [OK] +125 new K-culture posts. total today: 1941
[12:32:10] [skeleton] 100 posts → D:\cheonmyeongdang\departments\bluesky_feed\data\skeleton.json
[12:32:57] [auth] logged in as kunstudio.bsky.social
[12:32:57] start: 1939 already collected today
[12:33:32] [OK] +6 new K-culture posts. total today: 1945
[12:33:32] [skeleton] 100 posts → D:\cheonmyeongdang\departments\bluesky_feed\data\skeleton.json
[13:10:01] [auth] logged in as kunstudio.bsky.social
[13:10:01] start: 1943 already collected today
[13:10:38] [OK] +82 new K-culture posts. total today: 2025
[13:10:38] [skeleton] 100 posts → D:\cheonmyeongdang\departments\bluesky_feed\data\skeleton.json
[14:10:01] [auth] logged in as kunstudio.bsky.social
[14:10:01] start: 2023 already collected today
[14:10:37] [OK] +106 new K-culture posts. total today: 2129
[14:10:37] [skeleton] 100 posts → D:\cheonmyeongdang\departments\bluesky_feed\data\skeleton.json
