[00:10:01] [auth] logged in as kunstudio.bsky.social
[00:10:01] start: 0 already collected today
[00:10:42] [OK] +673 new K-culture posts. total today: 673
[00:10:42] [skeleton] 100 posts → C:\Users\hdh02\Desktop\cheonmyeongdang\departments\bluesky_feed\data\skeleton.json
[01:10:01] [auth] logged in as kunstudio.bsky.social
[01:10:01] start: 669 already collected today
[01:10:39] [OK] +98 new K-culture posts. total today: 767
[01:10:39] [skeleton] 100 posts → C:\Users\hdh02\Desktop\cheonmyeongdang\departments\bluesky_feed\data\skeleton.json
[02:10:01] [auth] logged in as kunstudio.bsky.social
[02:10:01] start: 763 already collected today
[02:10:37] [OK] +93 new K-culture posts. total today: 856
[02:10:37] [skeleton] 100 posts → C:\Users\hdh02\Desktop\cheonmyeongdang\departments\bluesky_feed\data\skeleton.json
[03:10:01] [auth] logged in as kunstudio.bsky.social
[03:10:01] start: 852 already collected today
[03:10:37] [OK] +111 new K-culture posts. total today: 963
[03:10:37] [skeleton] 100 posts → C:\Users\hdh02\Desktop\cheonmyeongdang\departments\bluesky_feed\data\skeleton.json
[04:10:01] [auth] logged in as kunstudio.bsky.social
[04:10:01] start: 959 already collected today
[04:10:39] [OK] +85 new K-culture posts. total today: 1044
[04:10:39] [skeleton] 100 posts → C:\Users\hdh02\Desktop\cheonmyeongdang\departments\bluesky_feed\data\skeleton.json
[05:10:01] [auth] logged in as kunstudio.bsky.social
[05:10:01] start: 1041 already collected today
[05:10:37] [OK] +95 new K-culture posts. total today: 1136
[05:10:37] [skeleton] 100 posts → C:\Users\hdh02\Desktop\cheonmyeongdang\departments\bluesky_feed\data\skeleton.json
[06:10:01] [auth] logged in as kunstudio.bsky.social
[06:10:01] start: 1133 already collected today
[06:10:37] [OK] +118 new K-culture posts. total today: 1251
[06:10:37] [skeleton] 100 posts → C:\Users\hdh02\Desktop\cheonmyeongdang\departments\bluesky_feed\data\skeleton.json
[07:10:01] [auth] logged in as kunstudio.bsky.social
[07:10:01] start: 1248 already collected today
[07:10:37] [OK] +105 new K-culture posts. total today: 1353
[07:10:37] [skeleton] 100 posts → C:\Users\hdh02\Desktop\cheonmyeongdang\departments\bluesky_feed\data\skeleton.json
[08:10:01] [auth] logged in as kunstudio.bsky.social
[08:10:01] start: 1348 already collected today
[08:10:39] [OK] +97 new K-culture posts. total today: 1445
[08:10:39] [skeleton] 100 posts → C:\Users\hdh02\Desktop\cheonmyeongdang\departments\bluesky_feed\data\skeleton.json
[09:10:01] [auth] logged in as kunstudio.bsky.social
[09:10:01] start: 1442 already collected today
[09:10:37] [OK] +108 new K-culture posts. total today: 1550
[09:10:37] [skeleton] 100 posts → C:\Users\hdh02\Desktop\cheonmyeongdang\departments\bluesky_feed\data\skeleton.json
[10:10:01] [auth] logged in as kunstudio.bsky.social
[10:10:01] start: 1547 already collected today
[10:10:38] [OK] +94 new K-culture posts. total today: 1641
[10:10:38] [skeleton] 100 posts → C:\Users\hdh02\Desktop\cheonmyeongdang\departments\bluesky_feed\data\skeleton.json
[11:10:01] [auth] logged in as kunstudio.bsky.social
[11:10:01] start: 1638 already collected today
[11:10:39] [OK] +101 new K-culture posts. total today: 1739
[11:10:39] [skeleton] 100 posts → C:\Users\hdh02\Desktop\cheonmyeongdang\departments\bluesky_feed\data\skeleton.json
[12:10:01] [auth] logged in as kunstudio.bsky.social
[12:10:01] start: 1736 already collected today
[12:10:37] [OK] +93 new K-culture posts. total today: 1829
[12:10:37] [skeleton] 100 posts → C:\Users\hdh02\Desktop\cheonmyeongdang\departments\bluesky_feed\data\skeleton.json
[13:10:01] [auth] logged in as kunstudio.bsky.social
[13:10:01] start: 1826 already collected today
[13:10:38] [OK] +99 new K-culture posts. total today: 1925
[13:10:38] [skeleton] 100 posts → C:\Users\hdh02\Desktop\cheonmyeongdang\departments\bluesky_feed\data\skeleton.json
[14:10:01] [auth] logged in as kunstudio.bsky.social
[14:10:02] start: 1922 already collected today
[14:10:36] [OK] +69 new K-culture posts. total today: 1991
[14:10:36] [skeleton] 100 posts → C:\Users\hdh02\Desktop\cheonmyeongdang\departments\bluesky_feed\data\skeleton.json
[15:10:01] [auth] logged in as kunstudio.bsky.social
[15:10:01] start: 1988 already collected today
[15:10:37] [OK] +51 new K-culture posts. total today: 2039
[15:10:37] [skeleton] 100 posts → C:\Users\hdh02\Desktop\cheonmyeongdang\departments\bluesky_feed\data\skeleton.json
[16:10:01] [auth] logged in as kunstudio.bsky.social
[16:10:01] start: 2036 already collected today
[16:10:35] [OK] +56 new K-culture posts. total today: 2092
[16:10:35] [skeleton] 100 posts → C:\Users\hdh02\Desktop\cheonmyeongdang\departments\bluesky_feed\data\skeleton.json
[17:10:02] [auth] logged in as kunstudio.bsky.social
[17:10:02] start: 2089 already collected today
[17:10:37] [OK] +54 new K-culture posts. total today: 2143
[17:10:37] [skeleton] 100 posts → C:\Users\hdh02\Desktop\cheonmyeongdang\departments\bluesky_feed\data\skeleton.json
[18:10:01] [auth] logged in as kunstudio.bsky.social
[18:10:01] start: 2140 already collected today
[18:10:22] [ERR] korean tradition: HTTP Error 502: Bad Gateway
[18:10:35] [OK] +54 new K-culture posts. total today: 2194
[18:10:36] [skeleton] 100 posts → C:\Users\hdh02\Desktop\cheonmyeongdang\departments\bluesky_feed\data\skeleton.json
[19:10:01] [auth] logged in as kunstudio.bsky.social
[19:10:01] start: 2191 already collected today
[19:10:35] [OK] +64 new K-culture posts. total today: 2255
[19:10:35] [skeleton] 100 posts → C:\Users\hdh02\Desktop\cheonmyeongdang\departments\bluesky_feed\data\skeleton.json
[20:10:01] [auth] logged in as kunstudio.bsky.social
[20:10:01] start: 2252 already collected today
[20:10:36] [OK] +66 new K-culture posts. total today: 2318
[20:10:36] [skeleton] 100 posts → C:\Users\hdh02\Desktop\cheonmyeongdang\departments\bluesky_feed\data\skeleton.json
[21:10:01] [auth] logged in as kunstudio.bsky.social
[21:10:01] start: 2315 already collected today
[21:10:43] [OK] +82 new K-culture posts. total today: 2397
[21:10:43] [skeleton] 100 posts → C:\Users\hdh02\Desktop\cheonmyeongdang\departments\bluesky_feed\data\skeleton.json
[22:10:01] [auth] logged in as kunstudio.bsky.social
[22:10:01] start: 2394 already collected today
[22:10:44] [OK] +124 new K-culture posts. total today: 2518
[22:10:44] [skeleton] 100 posts → C:\Users\hdh02\Desktop\cheonmyeongdang\departments\bluesky_feed\data\skeleton.json
[23:10:01] [auth] logged in as kunstudio.bsky.social
[23:10:01] start: 2515 already collected today
[23:10:36] [OK] +166 new K-culture posts. total today: 2681
[23:10:36] [skeleton] 100 posts → C:\Users\hdh02\Desktop\cheonmyeongdang\departments\bluesky_feed\data\skeleton.json
