[OK] token.json 저장: C:\Users\hdh02\Desktop\cheonmyeongdang\departments\secretary\token.json
[분류] 받은편지함 최근 14일 메일 가져오기...
  대상: 121개

[분류 결과]
  🔴[중요]: 2개
  🟡[답장필요]: 4개
  🔵[광고-뉴스레터]: 64개
  ⚪[개발자]: 46개
  ⏰[오래된광고]: 0개
  미분류: 49개
  실제 라벨 적용된 메일: 72개
[archive] 광고/뉴스레터 라벨 + 30일 이상 메일 검색...
  대상: 0개

[텔레그램 발송 메시지]
📧 비서부 Gmail 정리
2026-04-28
─────────────────────────
🔴 중요: 2건 (답장 필요)
🟡 답장필요: 4건
🔵 광고/뉴스레터: 64건 (0건 archive)
⚪ 개발자: 46건
─────────────────────────
👀 사용자 결정 필요
- 30일+ 광고 메일 0건 (영구 삭제 검토)
- 검색: label:⏰[오래된광고]
  또는: label:🔵[광고-뉴스레터] older_than:30d

⛔ AI 는 영구 삭제하지 않습니다 (복구 불가).
직접 검색해서 확인 후 휴지통으로 보내세요.

텔레그램 보고: ✅
[OK] token.json 저장: C:\Users\hdh02\Desktop\cheonmyeongdang\departments\secretary\token.json
[분류] 받은편지함 최근 14일 메일 가져오기...
  대상: 151개

[분류 결과]
  🔴[중요]: 12개
  🟡[답장필요]: 8개
  🔵[광고-뉴스레터]: 74개
  ⚪[개발자]: 49개
  ⏰[오래된광고]: 0개
  미분류: 58개
  실제 라벨 적용된 메일: 23개
[archive] 광고/뉴스레터 라벨 + 30일 이상 메일 검색...
  대상: 0개

[텔레그램 발송 메시지]
📧 비서부 Gmail 정리
2026-04-29
─────────────────────────
🔴 중요: 12건 (답장 필요)
🟡 답장필요: 8건
🔵 광고/뉴스레터: 74건 (0건 archive)
⚪ 개발자: 49건
─────────────────────────
👀 사용자 결정 필요
- 30일+ 광고 메일 0건 (영구 삭제 검토)
- 검색: label:⏰[오래된광고]
  또는: label:🔵[광고-뉴스레터] older_than:30d

⛔ AI 는 영구 삭제하지 않습니다 (복구 불가).
직접 검색해서 확인 후 휴지통으로 보내세요.

텔레그램 보고: ✅
[분류] 받은편지함 최근 14일 메일 가져오기...
  대상: 157개

[분류 결과]
  🔴[중요]: 20개
  🟡[답장필요]: 11개
  🔵[광고-뉴스레터]: 72개
  ⚪[개발자]: 44개
  ⏰[오래된광고]: 0개
  미분류: 59개
  실제 라벨 적용된 메일: 14개
[archive] 광고/뉴스레터 라벨 + 30일 이상 메일 검색...
  대상: 0개

[텔레그램 발송 메시지]
📧 비서부 Gmail 정리
2026-04-30
─────────────────────────
🔴 중요: 20건 (답장 필요)
🟡 답장필요: 11건
🔵 광고/뉴스레터: 72건 (0건 archive)
⚪ 개발자: 44건
─────────────────────────
👀 사용자 결정 필요
- 30일+ 광고 메일 0건 (영구 삭제 검토)
- 검색: label:⏰[오래된광고]
  또는: label:🔵[광고-뉴스레터] older_than:30d

⛔ AI 는 영구 삭제하지 않습니다 (복구 불가).
직접 검색해서 확인 후 휴지통으로 보내세요.

텔레그램 보고: ✅
[분류] 받은편지함 최근 14일 메일 가져오기...
  대상: 83개

[분류 결과]
  🔴[중요]: 20개
  🟡[답장필요]: 10개
  🔵[광고-뉴스레터]: 5개
  ⚪[개발자]: 5개
  ⏰[오래된광고]: 0개
  미분류: 53개
  실제 라벨 적용된 메일: 10개
[archive] 광고/뉴스레터 라벨 + 30일 이상 메일 검색...
  대상: 0개

[텔레그램 발송 메시지]
📧 비서부 Gmail 정리
2026-05-01
─────────────────────────
🔴 중요: 20건 (답장 필요)
🟡 답장필요: 10건
🔵 광고/뉴스레터: 5건 (0건 archive)
⚪ 개발자: 5건
─────────────────────────
👀 사용자 결정 필요
- 30일+ 광고 메일 0건 (영구 삭제 검토)
- 검색: label:⏰[오래된광고]
  또는: label:🔵[광고-뉴스레터] older_than:30d

⛔ AI 는 영구 삭제하지 않습니다 (복구 불가).
직접 검색해서 확인 후 휴지통으로 보내세요.

텔레그램 보고: ✅
[분류] 받은편지함 최근 14일 메일 가져오기...
  대상: 33개

[분류 결과]
  🔴[중요]: 16개
  🟡[답장필요]: 6개
  🔵[광고-뉴스레터]: 8개
  ⚪[개발자]: 8개
  ⏰[오래된광고]: 0개
  미분류: 12개
  실제 라벨 적용된 메일: 8개
[archive] 광고/뉴스레터 라벨 + 30일 이상 메일 검색...
  대상: 0개

[텔레그램 발송 메시지]
📧 비서부 Gmail 정리
2026-05-02
─────────────────────────
🔴 중요: 16건 (답장 필요)
🟡 답장필요: 6건
🔵 광고/뉴스레터: 8건 (0건 archive)
⚪ 개발자: 8건
─────────────────────────
👀 사용자 결정 필요
- 30일+ 광고 메일 0건 (영구 삭제 검토)
- 검색: label:⏰[오래된광고]
  또는: label:🔵[광고-뉴스레터] older_than:30d

⛔ AI 는 영구 삭제하지 않습니다 (복구 불가).
직접 검색해서 확인 후 휴지통으로 보내세요.

텔레그램 보고: ✅
[분류] 받은편지함 최근 14일 메일 가져오기...
  대상: 53개

[분류 결과]
  🔴[중요]: 20개
  🟡[답장필요]: 6개
  🔵[광고-뉴스레터]: 15개
  ⚪[개발자]: 14개
  ⏰[오래된광고]: 0개
  미분류: 22개
  실제 라벨 적용된 메일: 10개
[archive] 광고/뉴스레터 라벨 + 30일 이상 메일 검색...
  대상: 0개

[텔레그램 발송 메시지]
📧 비서부 Gmail 정리
2026-05-03
─────────────────────────
🔴 중요: 20건 (답장 필요)
🟡 답장필요: 6건
🔵 광고/뉴스레터: 15건 (0건 archive)
⚪ 개발자: 14건
─────────────────────────
👀 사용자 결정 필요
- 30일+ 광고 메일 0건 (영구 삭제 검토)
- 검색: label:⏰[오래된광고]
  또는: label:🔵[광고-뉴스레터] older_than:30d

⛔ AI 는 영구 삭제하지 않습니다 (복구 불가).
직접 검색해서 확인 후 휴지통으로 보내세요.

텔레그램 보고: ✅
