[2026-05-07 12:40:23] === нҶөн•© inbox monitor мӢңмһ‘ ===
[2026-05-07 12:40:24]   inbox fetched: 80
[2026-05-07 12:40:55]   [RED] ghdejr11@gmail.com | Re: л№Ҳм–‘мӢқ нҡҢмӢ  м •м • - кё°м—…м •ліҙл“ұлЎқ-н•ңкөӯкҙҖкҙ‘кіөмӮ¬-мҝӨмҠӨнҠңл””мҳӨ | tg=True
[2026-05-07 12:40:56]   telegram fail: HTTP Error 400: Bad Request
[2026-05-07 12:40:56]   [RED] Hong Deokhoon <ghdejr11@gmail.com> | [Seed м ңм•Ҳ] мІңлӘ…лӢ№ - Co-Star $25M лҜёкөӯл§Ң, м •нҶө н•ңкөӯ мӮ¬мЈј 4м–ём–ҙ кёҖлЎңлІҢ | tg=False
[2026-05-07 12:40:57]   telegram fail: HTTP Error 400: Bad Request
[2026-05-07 12:40:57]   [RED] "к№Җм§ҖмқҖjella.tto" <jella.tto@kakaopaycorp.c | Re: [м№ҙм№ҙмҳӨнҺҳмқҙ] мӢ¬мӮ¬кҙҖл Ё ліҙмҷ„мӮ¬н•ӯ м•ҲлӮҙ_мҝӨмҠӨнҠңл””мҳӨ | tg=False
[2026-05-07 12:40:58]   telegram fail: HTTP Error 400: Bad Request
[2026-05-07 12:40:58]   [RED] X Developer Platform <receipts+acct_1S46 | Your X Developer Platform receipt [#1029-8126] | tg=False
[2026-05-07 12:40:58]   [OTHER NEW] 76кұҙ (push м•Ҳ н•Ё)
[2026-05-07 12:40:58] === мў…лЈҢ: RED=4кұҙ push, OTHER=76кұҙ skip ===
[2026-05-07 12:41:29] === нҶөн•© inbox monitor мӢңмһ‘ ===
[2026-05-07 12:41:30]   inbox fetched: 80
[2026-05-07 12:41:30] === мў…лЈҢ: RED=0кұҙ push, OTHER=0кұҙ skip ===
[2026-05-07 12:42:08] === нҶөн•© inbox monitor мӢңмһ‘ ===
[2026-05-07 12:42:09]   inbox fetched: 80
[2026-05-07 12:42:09] === мў…лЈҢ: RED=0кұҙ push, OTHER=0кұҙ skip ===
[2026-05-07 12:43:54] === нҶөн•© inbox monitor мӢңмһ‘ ===
[2026-05-07 12:43:54]   inbox fetched: 80
[2026-05-07 12:44:14]   [RED] "к№Җм§ҖмқҖjella.tto" <jella.tto@kakaopaycorp.c | Re: [м№ҙм№ҙмҳӨнҺҳмқҙ] мӢ¬мӮ¬кҙҖл Ё ліҙмҷ„мӮ¬н•ӯ м•ҲлӮҙ_мҝӨмҠӨнҠңл””мҳӨ | tg=True
[2026-05-07 12:44:14]   [OTHER NEW] 50кұҙ (push м•Ҳ н•Ё)
[2026-05-07 12:44:14] === мў…лЈҢ: RED=1кұҙ push, OTHER=50кұҙ skip ===
[2026-05-07 12:45:38] === нҶөн•© inbox monitor мӢңмһ‘ ===
[2026-05-07 12:45:39]   inbox fetched: 80
[2026-05-07 12:45:39] === мў…лЈҢ: RED=0кұҙ push, OTHER=0кұҙ skip ===
[2026-05-07 12:46:01] === нҶөн•© inbox monitor мӢңмһ‘ ===
[2026-05-07 12:46:02]   inbox fetched: 80
[2026-05-07 12:46:02] === мў…лЈҢ: RED=0кұҙ push, OTHER=0кұҙ skip ===
[2026-05-07 12:51:00] === нҶөн•© inbox monitor мӢңмһ‘ ===
[2026-05-07 12:51:01]   inbox fetched: 80
[2026-05-07 12:51:02]   [OTHER NEW] 1кұҙ (push м•Ҳ н•Ё)
[2026-05-07 12:51:02] === мў…лЈҢ: RED=0кұҙ push, OTHER=1кұҙ skip ===
[2026-05-07 12:56:00] === нҶөн•© inbox monitor мӢңмһ‘ ===
[2026-05-07 12:56:01]   inbox fetched: 80
[2026-05-07 12:56:02]   [OTHER NEW] 1кұҙ (push м•Ҳ н•Ё)
[2026-05-07 12:56:02] === мў…лЈҢ: RED=0кұҙ push, OTHER=1кұҙ skip ===
[2026-05-07 13:00:38] === нҶөн•© inbox monitor мӢңмһ‘ ===
[2026-05-07 13:00:39]   inbox fetched: 80
[2026-05-07 13:00:42]   [RED] cs@portone.io | [PortOne] м „мһҗкІ°м ң мӢ мІӯмқҙ м •мғҒм ҒмңјлЎң м ‘мҲҳлҗҳм—ҲмҠөлӢҲлӢӨ. | tg=True
[2026-05-07 13:00:43]   [RED] cs@portone.io | [PortOne] нҸ¬нҠёмӣҗ V2 кІ°м ң м—°лҸҷ м•ҲлӮҙ | tg=True
[2026-05-07 13:00:44]   [RED] cs@portone.io | нҸ¬нҠёмӣҗ_PG к°Җмһ… м ‘мҲҳмҷ„лЈҢ м•ҲлӮҙ | tg=True
[2026-05-07 13:00:47]   [RED] cs@portone.io | [PortOne]м№ҙм№ҙмҳӨнҺҳмқҙ к°Җмһ…мӢ мІӯл°©лІ• м•ҲлӮҙ | tg=True
[2026-05-07 13:00:47]   [OTHER NEW] 4кұҙ (push м•Ҳ н•Ё)
[2026-05-07 13:00:47] === мў…лЈҢ: RED=4кұҙ push, OTHER=4кұҙ skip ===
[2026-05-07 13:01:00] === нҶөн•© inbox monitor мӢңмһ‘ ===
[2026-05-07 13:01:01]   inbox fetched: 80
[2026-05-07 13:01:01] === мў…лЈҢ: RED=0кұҙ push, OTHER=0кұҙ skip ===
[2026-05-07 13:06:00] === нҶөн•© inbox monitor мӢңмһ‘ ===
[2026-05-07 13:06:01]   inbox fetched: 80
[2026-05-07 13:06:02]   [OTHER NEW] 1кұҙ (push м•Ҳ н•Ё)
[2026-05-07 13:06:02] === мў…лЈҢ: RED=0кұҙ push, OTHER=1кұҙ skip ===
[2026-05-07 13:11:00] === нҶөн•© inbox monitor мӢңмһ‘ ===
[2026-05-07 13:11:01]   inbox fetched: 80
[2026-05-07 13:11:01]   [OTHER NEW] 1кұҙ (push м•Ҳ н•Ё)
[2026-05-07 13:11:01] === мў…лЈҢ: RED=0кұҙ push, OTHER=1кұҙ skip ===
[2026-05-07 13:15:38] === нҶөн•© inbox monitor мӢңмһ‘ ===
[2026-05-07 13:15:39]   inbox fetched: 80
[2026-05-07 13:15:40]   [RED] cs@portone.io | нҸ¬нҠёмӣҗ_PG к°Җмһ… м ‘мҲҳмҷ„лЈҢ м•ҲлӮҙ | tg=True
[2026-05-07 13:15:41]   [RED] cs@portone.io | нҸ¬нҠёмӣҗ_PG к°Җмһ… м ‘мҲҳмҷ„лЈҢ м•ҲлӮҙ | tg=True
[2026-05-07 13:15:41] === мў…лЈҢ: RED=2кұҙ push, OTHER=0кұҙ skip ===
[2026-05-07 13:16:00] === нҶөн•© inbox monitor мӢңмһ‘ ===
[2026-05-07 13:16:01]   inbox fetched: 80
[2026-05-07 13:16:01] === мў…лЈҢ: RED=0кұҙ push, OTHER=0кұҙ skip ===
[2026-05-07 13:21:01] === нҶөн•© inbox monitor мӢңмһ‘ ===
[2026-05-07 13:21:01]   inbox fetched: 80
[2026-05-07 13:21:01] === мў…лЈҢ: RED=0кұҙ push, OTHER=0кұҙ skip ===
[2026-05-07 13:26:01] === нҶөн•© inbox monitor мӢңмһ‘ ===
[2026-05-07 13:26:01]   inbox fetched: 80
[2026-05-07 13:26:01] === мў…лЈҢ: RED=0кұҙ push, OTHER=0кұҙ skip ===
[2026-05-07 13:30:38] === нҶөн•© inbox monitor мӢңмһ‘ ===
[2026-05-07 13:30:39]   inbox fetched: 80
[2026-05-07 13:30:39] === мў…лЈҢ: RED=0кұҙ push, OTHER=0кұҙ skip ===
[2026-05-07 13:31:00] === нҶөн•© inbox monitor мӢңмһ‘ ===
[2026-05-07 13:31:01]   inbox fetched: 80
[2026-05-07 13:31:01] === мў…лЈҢ: RED=0кұҙ push, OTHER=0кұҙ skip ===
[2026-05-07 13:36:00] === нҶөн•© inbox monitor мӢңмһ‘ ===
[2026-05-07 13:36:01]   inbox fetched: 80
[2026-05-07 13:36:01] === мў…лЈҢ: RED=0кұҙ push, OTHER=0кұҙ skip ===
[2026-05-07 13:41:00] === нҶөн•© inbox monitor мӢңмһ‘ ===
[2026-05-07 13:41:01]   inbox fetched: 80
[2026-05-07 13:41:01] === мў…лЈҢ: RED=0кұҙ push, OTHER=0кұҙ skip ===
[2026-05-07 13:45:38] === нҶөн•© inbox monitor мӢңмһ‘ ===
[2026-05-07 13:45:39]   inbox fetched: 80
[2026-05-07 13:45:39] === мў…лЈҢ: RED=0кұҙ push, OTHER=0кұҙ skip ===
[2026-05-07 13:46:00] === нҶөн•© inbox monitor мӢңмһ‘ ===
[2026-05-07 13:46:01]   inbox fetched: 80
[2026-05-07 13:46:01] === мў…лЈҢ: RED=0кұҙ push, OTHER=0кұҙ skip ===
[2026-05-07 13:51:00] === нҶөн•© inbox monitor мӢңмһ‘ ===
[2026-05-07 13:51:01]   inbox fetched: 80
[2026-05-07 13:51:01] === мў…лЈҢ: RED=0кұҙ push, OTHER=0кұҙ skip ===
[2026-05-07 13:56:01] === нҶөн•© inbox monitor мӢңмһ‘ ===
[2026-05-07 13:56:01]   inbox fetched: 80
[2026-05-07 13:56:01] === мў…лЈҢ: RED=0кұҙ push, OTHER=0кұҙ skip ===
[2026-05-07 14:00:38] === нҶөн•© inbox monitor мӢңмһ‘ ===
[2026-05-07 14:00:39]   inbox fetched: 80
[2026-05-07 14:00:39] === мў…лЈҢ: RED=0кұҙ push, OTHER=0кұҙ skip ===
[2026-05-07 14:01:01] === нҶөн•© inbox monitor мӢңмһ‘ ===
[2026-05-07 14:01:01]   inbox fetched: 80
[2026-05-07 14:01:01] === мў…лЈҢ: RED=0кұҙ push, OTHER=0кұҙ skip ===
[2026-05-07 14:06:01] === нҶөн•© inbox monitor мӢңмһ‘ ===
[2026-05-07 14:06:01]   inbox fetched: 80
[2026-05-07 14:06:01] === мў…лЈҢ: RED=0кұҙ push, OTHER=0кұҙ skip ===
[2026-05-07 14:11:01] === нҶөн•© inbox monitor мӢңмһ‘ ===
[2026-05-07 14:11:01]   inbox fetched: 80
[2026-05-07 14:11:01] === мў…лЈҢ: RED=0кұҙ push, OTHER=0кұҙ skip ===
[2026-05-07 14:15:38] === нҶөн•© inbox monitor мӢңмһ‘ ===
[2026-05-07 14:15:39]   inbox fetched: 80
[2026-05-07 14:15:39] === мў…лЈҢ: RED=0кұҙ push, OTHER=0кұҙ skip ===
[2026-05-07 14:16:01] === нҶөн•© inbox monitor мӢңмһ‘ ===
[2026-05-07 14:16:01]   inbox fetched: 80
[2026-05-07 14:16:01] === мў…лЈҢ: RED=0кұҙ push, OTHER=0кұҙ skip ===
[2026-05-07 14:21:01] === нҶөн•© inbox monitor мӢңмһ‘ ===
[2026-05-07 14:21:01]   inbox fetched: 80
[2026-05-07 14:21:01] === мў…лЈҢ: RED=0кұҙ push, OTHER=0кұҙ skip ===
[2026-05-07 14:26:01] === нҶөн•© inbox monitor мӢңмһ‘ ===
[2026-05-07 14:26:01]   inbox fetched: 80
[2026-05-07 14:26:01] === мў…лЈҢ: RED=0кұҙ push, OTHER=0кұҙ skip ===
[2026-05-07 14:30:38] === нҶөн•© inbox monitor мӢңмһ‘ ===
[2026-05-07 14:30:39]   inbox fetched: 80
[2026-05-07 14:30:39] === мў…лЈҢ: RED=0кұҙ push, OTHER=0кұҙ skip ===
[2026-05-07 14:31:01] === нҶөн•© inbox monitor мӢңмһ‘ ===
[2026-05-07 14:31:01]   inbox fetched: 80
[2026-05-07 14:31:01] === мў…лЈҢ: RED=0кұҙ push, OTHER=0кұҙ skip ===
[2026-05-07 14:36:01] === нҶөн•© inbox monitor мӢңмһ‘ ===
[2026-05-07 14:36:01]   inbox fetched: 80
[2026-05-07 14:36:01] === мў…лЈҢ: RED=0кұҙ push, OTHER=0кұҙ skip ===
[2026-05-07 14:41:01] === нҶөн•© inbox monitor мӢңмһ‘ ===
[2026-05-07 14:41:01]   inbox fetched: 80
[2026-05-07 14:41:01] === мў…лЈҢ: RED=0кұҙ push, OTHER=0кұҙ skip ===
[2026-05-07 14:45:38] === нҶөн•© inbox monitor мӢңмһ‘ ===
[2026-05-07 14:45:39]   inbox fetched: 80
[2026-05-07 14:45:39] === мў…лЈҢ: RED=0кұҙ push, OTHER=0кұҙ skip ===
[2026-05-07 14:46:01] === нҶөн•© inbox monitor мӢңмһ‘ ===
[2026-05-07 14:46:01]   inbox fetched: 80
[2026-05-07 14:46:01] === мў…лЈҢ: RED=0кұҙ push, OTHER=0кұҙ skip ===
[2026-05-07 14:51:01] === нҶөн•© inbox monitor мӢңмһ‘ ===
[2026-05-07 14:51:01]   inbox fetched: 80
[2026-05-07 14:51:01] === мў…лЈҢ: RED=0кұҙ push, OTHER=0кұҙ skip ===
[2026-05-07 14:56:01] === нҶөн•© inbox monitor мӢңмһ‘ ===
[2026-05-07 14:56:01]   inbox fetched: 80
[2026-05-07 14:56:02]   [OTHER NEW] 1кұҙ (push м•Ҳ н•Ё)
[2026-05-07 14:56:02] === мў…лЈҢ: RED=0кұҙ push, OTHER=1кұҙ skip ===
[2026-05-07 15:00:38] === нҶөн•© inbox monitor мӢңмһ‘ ===
[2026-05-07 15:00:39]   inbox fetched: 80
[2026-05-07 15:00:39] === мў…лЈҢ: RED=0кұҙ push, OTHER=0кұҙ skip ===
[2026-05-07 15:01:01] === нҶөн•© inbox monitor мӢңмһ‘ ===
[2026-05-07 15:01:01]   inbox fetched: 80
[2026-05-07 15:01:01] === мў…лЈҢ: RED=0кұҙ push, OTHER=0кұҙ skip ===
[2026-05-07 15:06:01] === нҶөн•© inbox monitor мӢңмһ‘ ===
[2026-05-07 15:06:01]   inbox fetched: 80
[2026-05-07 15:06:02]   [OTHER NEW] 2кұҙ (push м•Ҳ н•Ё)
[2026-05-07 15:06:02] === мў…лЈҢ: RED=0кұҙ push, OTHER=2кұҙ skip ===
[2026-05-07 15:11:01] === нҶөн•© inbox monitor мӢңмһ‘ ===
[2026-05-07 15:11:01]   inbox fetched: 80
[2026-05-07 15:11:02]   [OTHER NEW] 2кұҙ (push м•Ҳ н•Ё)
[2026-05-07 15:11:02] === мў…лЈҢ: RED=0кұҙ push, OTHER=2кұҙ skip ===
[2026-05-07 15:15:38] === нҶөн•© inbox monitor мӢңмһ‘ ===
[2026-05-07 15:15:39]   inbox fetched: 80
[2026-05-07 15:15:39]   [OTHER NEW] 2кұҙ (push м•Ҳ н•Ё)
[2026-05-07 15:15:39] === мў…лЈҢ: RED=0кұҙ push, OTHER=2кұҙ skip ===
[2026-05-07 15:16:01] === нҶөн•© inbox monitor мӢңмһ‘ ===
[2026-05-07 15:16:01]   inbox fetched: 80
[2026-05-07 15:16:01] === мў…лЈҢ: RED=0кұҙ push, OTHER=0кұҙ skip ===
[2026-05-07 15:21:01] === нҶөн•© inbox monitor мӢңмһ‘ ===
[2026-05-07 15:21:01]   inbox fetched: 80
[2026-05-07 15:21:02]   [OTHER NEW] 2кұҙ (push м•Ҳ н•Ё)
[2026-05-07 15:21:02] === мў…лЈҢ: RED=0кұҙ push, OTHER=2кұҙ skip ===
[2026-05-07 15:26:01] === нҶөн•© inbox monitor мӢңмһ‘ ===
[2026-05-07 15:26:01]   inbox fetched: 80
[2026-05-07 15:26:02]   [OTHER NEW] 1кұҙ (push м•Ҳ н•Ё)
[2026-05-07 15:26:02] === мў…лЈҢ: RED=0кұҙ push, OTHER=1кұҙ skip ===
[2026-05-07 15:30:38] === нҶөн•© inbox monitor мӢңмһ‘ ===
[2026-05-07 15:30:39]   inbox fetched: 80
[2026-05-07 15:30:39]   [OTHER NEW] 1кұҙ (push м•Ҳ н•Ё)
[2026-05-07 15:30:39] === мў…лЈҢ: RED=0кұҙ push, OTHER=1кұҙ skip ===
[2026-05-07 15:31:01] === нҶөн•© inbox monitor мӢңмһ‘ ===
[2026-05-07 15:31:01]   inbox fetched: 80
[2026-05-07 15:31:01] === мў…лЈҢ: RED=0кұҙ push, OTHER=0кұҙ skip ===
[2026-05-07 15:36:01] === нҶөн•© inbox monitor мӢңмһ‘ ===
[2026-05-07 15:36:01]   inbox fetched: 80
[2026-05-07 15:36:02]   [OTHER NEW] 2кұҙ (push м•Ҳ н•Ё)
[2026-05-07 15:36:02] === мў…лЈҢ: RED=0кұҙ push, OTHER=2кұҙ skip ===
[2026-05-07 15:41:01] === нҶөн•© inbox monitor мӢңмһ‘ ===
[2026-05-07 15:41:01]   inbox fetched: 80
[2026-05-07 15:41:02]   [OTHER NEW] 1кұҙ (push м•Ҳ н•Ё)
[2026-05-07 15:41:02] === мў…лЈҢ: RED=0кұҙ push, OTHER=1кұҙ skip ===
[2026-05-07 15:45:38] === нҶөн•© inbox monitor мӢңмһ‘ ===
[2026-05-07 15:45:39]   inbox fetched: 80
[2026-05-07 15:45:39]   [OTHER NEW] 1кұҙ (push м•Ҳ н•Ё)
[2026-05-07 15:45:39] === мў…лЈҢ: RED=0кұҙ push, OTHER=1кұҙ skip ===
[2026-05-07 15:46:01] === нҶөн•© inbox monitor мӢңмһ‘ ===
[2026-05-07 15:46:02]   inbox fetched: 80
[2026-05-07 15:46:02] === мў…лЈҢ: RED=0кұҙ push, OTHER=0кұҙ skip ===
[2026-05-07 15:51:01] === нҶөн•© inbox monitor мӢңмһ‘ ===
[2026-05-07 15:51:01]   inbox fetched: 80
[2026-05-07 15:51:02]   [OTHER NEW] 1кұҙ (push м•Ҳ н•Ё)
[2026-05-07 15:51:02] === мў…лЈҢ: RED=0кұҙ push, OTHER=1кұҙ skip ===
[2026-05-07 15:56:01] === нҶөн•© inbox monitor мӢңмһ‘ ===
[2026-05-07 15:56:01]   inbox fetched: 80
[2026-05-07 15:56:02]   [OTHER NEW] 2кұҙ (push м•Ҳ н•Ё)
[2026-05-07 15:56:02] === мў…лЈҢ: RED=0кұҙ push, OTHER=2кұҙ skip ===
[2026-05-07 16:00:38] === нҶөн•© inbox monitor мӢңмһ‘ ===
[2026-05-07 16:00:39]   inbox fetched: 80
[2026-05-07 16:00:39]   [OTHER NEW] 1кұҙ (push м•Ҳ н•Ё)
[2026-05-07 16:00:39] === мў…лЈҢ: RED=0кұҙ push, OTHER=1кұҙ skip ===
[2026-05-07 16:01:01] === нҶөн•© inbox monitor мӢңмһ‘ ===
[2026-05-07 16:01:01]   inbox fetched: 80
[2026-05-07 16:01:01] === мў…лЈҢ: RED=0кұҙ push, OTHER=0кұҙ skip ===
[2026-05-07 16:06:01] === нҶөн•© inbox monitor мӢңмһ‘ ===
[2026-05-07 16:06:01]   inbox fetched: 80
[2026-05-07 16:06:01] === мў…лЈҢ: RED=0кұҙ push, OTHER=0кұҙ skip ===
[2026-05-07 16:11:01] === нҶөн•© inbox monitor мӢңмһ‘ ===
[2026-05-07 16:11:02]   inbox fetched: 80
[2026-05-07 16:11:03]   [RED] "л°•м№ҳл§Ң" <jwpark@galaxia.co.kr> | Re:[мҝӨмҠӨнҠңл””мҳӨ] л№ҢкІҢмқҙнҠё PG м№ҙл“ңмӮ¬ мӢ¬мӮ¬ н”„лЎңм„ёмҠӨ + мӮ¬м—…мһҗл“ұлЎқмҰқ нҡҢмӢ  | tg=True
[2026-05-07 16:11:03] === мў…лЈҢ: RED=1кұҙ push, OTHER=0кұҙ skip ===
[2026-05-07 16:15:38] === нҶөн•© inbox monitor мӢңмһ‘ ===
[2026-05-07 16:16:01] === нҶөн•© inbox monitor мӢңмһ‘ ===
[2026-05-07 16:16:01]   inbox fetched: 80
[2026-05-07 16:16:01] === мў…лЈҢ: RED=0кұҙ push, OTHER=0кұҙ skip ===
[2026-05-07 16:21:01] === нҶөн•© inbox monitor мӢңмһ‘ ===
[2026-05-07 16:21:01]   inbox fetched: 80
[2026-05-07 16:21:01] === мў…лЈҢ: RED=0кұҙ push, OTHER=0кұҙ skip ===
[2026-05-07 16:26:01] === нҶөн•© inbox monitor мӢңмһ‘ ===
[2026-05-07 16:26:01]   inbox fetched: 80
[2026-05-07 16:26:01] === мў…лЈҢ: RED=0кұҙ push, OTHER=0кұҙ skip ===
[2026-05-07 16:31:01] === нҶөн•© inbox monitor мӢңмһ‘ ===
[2026-05-07 16:31:01]   inbox fetched: 80
[2026-05-07 16:31:02]   [OTHER NEW] 1кұҙ (push м•Ҳ н•Ё)
[2026-05-07 16:31:02] === мў…лЈҢ: RED=0кұҙ push, OTHER=1кұҙ skip ===
[2026-05-07 16:36:01] === нҶөн•© inbox monitor мӢңмһ‘ ===
[2026-05-07 16:36:02]   inbox fetched: 80
[2026-05-07 16:36:02]   [OTHER NEW] 2кұҙ (push м•Ҳ н•Ё)
[2026-05-07 16:36:02] === мў…лЈҢ: RED=0кұҙ push, OTHER=2кұҙ skip ===
[2026-05-07 16:41:01] === нҶөн•© inbox monitor мӢңмһ‘ ===
[2026-05-07 16:41:01]   inbox fetched: 80
[2026-05-07 16:41:02]   [OTHER NEW] 1кұҙ (push м•Ҳ н•Ё)
[2026-05-07 16:41:02] === мў…лЈҢ: RED=0кұҙ push, OTHER=1кұҙ skip ===
[2026-05-07 16:46:01] === нҶөн•© inbox monitor мӢңмһ‘ ===
[2026-05-07 16:46:01]   inbox fetched: 80
[2026-05-07 16:46:02]   [OTHER NEW] 1кұҙ (push м•Ҳ н•Ё)
[2026-05-07 16:46:02] === мў…лЈҢ: RED=0кұҙ push, OTHER=1кұҙ skip ===
[2026-05-07 16:51:01] === нҶөн•© inbox monitor мӢңмһ‘ ===
[2026-05-07 16:51:02]   inbox fetched: 80
[2026-05-07 16:51:02]   [OTHER NEW] 1кұҙ (push м•Ҳ н•Ё)
[2026-05-07 16:51:02] === мў…лЈҢ: RED=0кұҙ push, OTHER=1кұҙ skip ===
[2026-05-07 16:56:01] === нҶөн•© inbox monitor мӢңмһ‘ ===
[2026-05-07 16:56:01]   inbox fetched: 80
[2026-05-07 16:56:01] === мў…лЈҢ: RED=0кұҙ push, OTHER=0кұҙ skip ===
[2026-05-07 17:01:01] === нҶөн•© inbox monitor мӢңмһ‘ ===
[2026-05-07 17:01:01]   inbox fetched: 80
[2026-05-07 17:01:01] === мў…лЈҢ: RED=0кұҙ push, OTHER=0кұҙ skip ===
[2026-05-07 17:06:01] === нҶөн•© inbox monitor мӢңмһ‘ ===
[2026-05-07 17:06:01]   inbox fetched: 80
[2026-05-07 17:06:01] === мў…лЈҢ: RED=0кұҙ push, OTHER=0кұҙ skip ===
[2026-05-07 17:11:01] === нҶөн•© inbox monitor мӢңмһ‘ ===
[2026-05-07 17:11:01]   inbox fetched: 80
[2026-05-07 17:11:01] === мў…лЈҢ: RED=0кұҙ push, OTHER=0кұҙ skip ===
[2026-05-07 17:16:01] === нҶөн•© inbox monitor мӢңмһ‘ ===
[2026-05-07 17:16:01]   inbox fetched: 80
[2026-05-07 17:16:01] === мў…лЈҢ: RED=0кұҙ push, OTHER=0кұҙ skip ===
[2026-05-07 17:21:01] === нҶөн•© inbox monitor мӢңмһ‘ ===
[2026-05-07 17:21:01]   inbox fetched: 80
[2026-05-07 17:21:01] === мў…лЈҢ: RED=0кұҙ push, OTHER=0кұҙ skip ===
[2026-05-07 17:26:01] === нҶөн•© inbox monitor мӢңмһ‘ ===
[2026-05-07 17:26:01]   inbox fetched: 80
[2026-05-07 17:26:01] === мў…лЈҢ: RED=0кұҙ push, OTHER=0кұҙ skip ===
[2026-05-07 17:31:01] === нҶөн•© inbox monitor мӢңмһ‘ ===
[2026-05-07 17:31:01]   inbox fetched: 80
[2026-05-07 17:31:01] === мў…лЈҢ: RED=0кұҙ push, OTHER=0кұҙ skip ===
[2026-05-07 17:36:01] === нҶөн•© inbox monitor мӢңмһ‘ ===
[2026-05-07 17:36:02]   inbox fetched: 80
[2026-05-07 17:36:02] === мў…лЈҢ: RED=0кұҙ push, OTHER=0кұҙ skip ===
[2026-05-07 17:41:01] === нҶөн•© inbox monitor мӢңмһ‘ ===
[2026-05-07 17:41:02]   inbox fetched: 80
[2026-05-07 17:41:02]   [OTHER NEW] 1кұҙ (push м•Ҳ н•Ё)
[2026-05-07 17:41:02] === мў…лЈҢ: RED=0кұҙ push, OTHER=1кұҙ skip ===
[2026-05-07 17:46:01] === нҶөн•© inbox monitor мӢңмһ‘ ===
[2026-05-07 17:46:01]   inbox fetched: 80
[2026-05-07 17:46:02]   [OTHER NEW] 1кұҙ (push м•Ҳ н•Ё)
[2026-05-07 17:46:02] === мў…лЈҢ: RED=0кұҙ push, OTHER=1кұҙ skip ===
[2026-05-07 17:51:01] === нҶөн•© inbox monitor мӢңмһ‘ ===
[2026-05-07 17:51:02]   inbox fetched: 80
[2026-05-07 17:51:02] === мў…лЈҢ: RED=0кұҙ push, OTHER=0кұҙ skip ===
[2026-05-07 17:56:01] === нҶөн•© inbox monitor мӢңмһ‘ ===
[2026-05-07 17:56:01]   inbox fetched: 80
[2026-05-07 17:56:01] === мў…лЈҢ: RED=0кұҙ push, OTHER=0кұҙ skip ===
[2026-05-07 18:01:01] === нҶөн•© inbox monitor мӢңмһ‘ ===
[2026-05-07 18:01:01]   inbox fetched: 80
[2026-05-07 18:01:01] === мў…лЈҢ: RED=0кұҙ push, OTHER=0кұҙ skip ===
[2026-05-07 18:06:01] === нҶөн•© inbox monitor мӢңмһ‘ ===
[2026-05-07 18:06:02]   inbox fetched: 80
[2026-05-07 18:06:02] === мў…лЈҢ: RED=0кұҙ push, OTHER=0кұҙ skip ===
[2026-05-07 18:11:01] === нҶөн•© inbox monitor мӢңмһ‘ ===
[2026-05-07 18:11:02]   inbox fetched: 80
[2026-05-07 18:11:02] === мў…лЈҢ: RED=0кұҙ push, OTHER=0кұҙ skip ===
[2026-05-07 18:16:01] === нҶөн•© inbox monitor мӢңмһ‘ ===
[2026-05-07 18:16:02]   inbox fetched: 80
[2026-05-07 18:16:02] === мў…лЈҢ: RED=0кұҙ push, OTHER=0кұҙ skip ===
[2026-05-07 18:21:01] === нҶөн•© inbox monitor мӢңмһ‘ ===
[2026-05-07 18:21:02]   inbox fetched: 80
[2026-05-07 18:21:02] === мў…лЈҢ: RED=0кұҙ push, OTHER=0кұҙ skip ===
[2026-05-07 18:26:01] === нҶөн•© inbox monitor мӢңмһ‘ ===
[2026-05-07 18:26:02]   inbox fetched: 80
[2026-05-07 18:26:02] === мў…лЈҢ: RED=0кұҙ push, OTHER=0кұҙ skip ===
[2026-05-07 18:31:01] === нҶөн•© inbox monitor мӢңмһ‘ ===
[2026-05-07 18:31:02]   inbox fetched: 80
[2026-05-07 18:31:02] === мў…лЈҢ: RED=0кұҙ push, OTHER=0кұҙ skip ===
[2026-05-07 18:36:01] === нҶөн•© inbox monitor мӢңмһ‘ ===
[2026-05-07 18:36:02]   inbox fetched: 80
[2026-05-07 18:36:02] === мў…лЈҢ: RED=0кұҙ push, OTHER=0кұҙ skip ===
[2026-05-07 18:41:01] === нҶөн•© inbox monitor мӢңмһ‘ ===
[2026-05-07 18:41:02]   inbox fetched: 80
[2026-05-07 18:41:02] === мў…лЈҢ: RED=0кұҙ push, OTHER=0кұҙ skip ===
[2026-05-07 18:46:01] === нҶөн•© inbox monitor мӢңмһ‘ ===
[2026-05-07 18:46:02]   inbox fetched: 80
[2026-05-07 18:46:02] === мў…лЈҢ: RED=0кұҙ push, OTHER=0кұҙ skip ===
[2026-05-07 18:51:01] === нҶөн•© inbox monitor мӢңмһ‘ ===
[2026-05-07 18:51:02]   inbox fetched: 80
[2026-05-07 18:51:02] === мў…лЈҢ: RED=0кұҙ push, OTHER=0кұҙ skip ===
[2026-05-07 18:56:01] === нҶөн•© inbox monitor мӢңмһ‘ ===
[2026-05-07 18:56:02]   inbox fetched: 80
[2026-05-07 18:56:02] === мў…лЈҢ: RED=0кұҙ push, OTHER=0кұҙ skip ===
[2026-05-07 19:01:01] === нҶөн•© inbox monitor мӢңмһ‘ ===
[2026-05-07 19:01:02]   inbox fetched: 80
[2026-05-07 19:01:02] === мў…лЈҢ: RED=0кұҙ push, OTHER=0кұҙ skip ===
[2026-05-07 19:06:01] === нҶөн•© inbox monitor мӢңмһ‘ ===
[2026-05-07 19:06:02]   inbox fetched: 80
[2026-05-07 19:06:02] === мў…лЈҢ: RED=0кұҙ push, OTHER=0кұҙ skip ===
[2026-05-07 19:11:01] === нҶөн•© inbox monitor мӢңмһ‘ ===
[2026-05-07 19:11:02]   inbox fetched: 80
[2026-05-07 19:11:02] === мў…лЈҢ: RED=0кұҙ push, OTHER=0кұҙ skip ===
[2026-05-07 19:16:01] === нҶөн•© inbox monitor мӢңмһ‘ ===
[2026-05-07 19:16:02]   inbox fetched: 80
[2026-05-07 19:16:02] === мў…лЈҢ: RED=0кұҙ push, OTHER=0кұҙ skip ===
[2026-05-07 19:21:01] === нҶөн•© inbox monitor мӢңмһ‘ ===
[2026-05-07 19:21:02]   inbox fetched: 80
[2026-05-07 19:21:02] === мў…лЈҢ: RED=0кұҙ push, OTHER=0кұҙ skip ===
[2026-05-07 19:26:01] === нҶөн•© inbox monitor мӢңмһ‘ ===
[2026-05-07 19:26:02]   inbox fetched: 80
[2026-05-07 19:26:02]   [OTHER NEW] 1кұҙ (push м•Ҳ н•Ё)
[2026-05-07 19:26:02] === мў…лЈҢ: RED=0кұҙ push, OTHER=1кұҙ skip ===
[2026-05-07 19:31:01] === нҶөн•© inbox monitor мӢңмһ‘ ===
[2026-05-07 19:31:02]   inbox fetched: 80
[2026-05-07 19:31:02]   [OTHER NEW] 2кұҙ (push м•Ҳ н•Ё)
[2026-05-07 19:31:02] === мў…лЈҢ: RED=0кұҙ push, OTHER=2кұҙ skip ===
[2026-05-07 19:36:01] === нҶөн•© inbox monitor мӢңмһ‘ ===
[2026-05-07 19:36:02]   inbox fetched: 80
[2026-05-07 19:36:02]   [OTHER NEW] 1кұҙ (push м•Ҳ н•Ё)
[2026-05-07 19:36:02] === мў…лЈҢ: RED=0кұҙ push, OTHER=1кұҙ skip ===
[2026-05-07 19:41:01] === нҶөн•© inbox monitor мӢңмһ‘ ===
[2026-05-07 19:41:02]   inbox fetched: 80
[2026-05-07 19:41:02]   [OTHER NEW] 1кұҙ (push м•Ҳ н•Ё)
[2026-05-07 19:41:02] === мў…лЈҢ: RED=0кұҙ push, OTHER=1кұҙ skip ===
[2026-05-07 19:46:01] === нҶөн•© inbox monitor мӢңмһ‘ ===
[2026-05-07 19:46:02]   inbox fetched: 80
[2026-05-07 19:46:02]   [OTHER NEW] 1кұҙ (push м•Ҳ н•Ё)
[2026-05-07 19:46:02] === мў…лЈҢ: RED=0кұҙ push, OTHER=1кұҙ skip ===
[2026-05-07 19:51:00] === нҶөн•© inbox monitor мӢңмһ‘ ===
[2026-05-07 19:51:01]   inbox fetched: 80
[2026-05-07 19:51:01] === мў…лЈҢ: RED=0кұҙ push, OTHER=0кұҙ skip ===
[2026-05-07 19:56:00] === нҶөн•© inbox monitor мӢңмһ‘ ===
[2026-05-07 19:56:01]   inbox fetched: 80
[2026-05-07 19:56:01] === мў…лЈҢ: RED=0кұҙ push, OTHER=0кұҙ skip ===
[2026-05-07 20:01:00] === нҶөн•© inbox monitor мӢңмһ‘ ===
[2026-05-07 20:01:01]   inbox fetched: 80
[2026-05-07 20:01:01] === мў…лЈҢ: RED=0кұҙ push, OTHER=0кұҙ skip ===
[2026-05-07 20:06:00] === нҶөн•© inbox monitor мӢңмһ‘ ===
[2026-05-07 20:06:01]   inbox fetched: 80
[2026-05-07 20:06:01] === мў…лЈҢ: RED=0кұҙ push, OTHER=0кұҙ skip ===
[2026-05-07 20:11:00] === нҶөн•© inbox monitor мӢңмһ‘ ===
[2026-05-07 20:11:01]   inbox fetched: 80
[2026-05-07 20:11:01] === мў…лЈҢ: RED=0кұҙ push, OTHER=0кұҙ skip ===
[2026-05-07 20:16:00] === нҶөн•© inbox monitor мӢңмһ‘ ===
[2026-05-07 20:16:01]   inbox fetched: 80
[2026-05-07 20:16:01] === мў…лЈҢ: RED=0кұҙ push, OTHER=0кұҙ skip ===
[2026-05-07 20:21:00] === нҶөн•© inbox monitor мӢңмһ‘ ===
[2026-05-07 20:21:01]   inbox fetched: 80
[2026-05-07 20:21:01] === мў…лЈҢ: RED=0кұҙ push, OTHER=0кұҙ skip ===
[2026-05-07 20:26:00] === нҶөн•© inbox monitor мӢңмһ‘ ===
[2026-05-07 20:26:01]   inbox fetched: 80
[2026-05-07 20:26:01] === мў…лЈҢ: RED=0кұҙ push, OTHER=0кұҙ skip ===
[2026-05-07 20:31:00] === нҶөн•© inbox monitor мӢңмһ‘ ===
[2026-05-07 20:31:01]   inbox fetched: 80
[2026-05-07 20:31:01] === мў…лЈҢ: RED=0кұҙ push, OTHER=0кұҙ skip ===
[2026-05-07 20:36:00] === нҶөн•© inbox monitor мӢңмһ‘ ===
[2026-05-07 20:36:01]   inbox fetched: 80
[2026-05-07 20:36:01]   [OTHER NEW] 2кұҙ (push м•Ҳ н•Ё)
[2026-05-07 20:36:01] === мў…лЈҢ: RED=0кұҙ push, OTHER=2кұҙ skip ===
[2026-05-07 20:41:00] === нҶөн•© inbox monitor мӢңмһ‘ ===
[2026-05-07 20:41:01]   inbox fetched: 80
[2026-05-07 20:41:01] === мў…лЈҢ: RED=0кұҙ push, OTHER=0кұҙ skip ===
[2026-05-07 20:46:00] === нҶөн•© inbox monitor мӢңмһ‘ ===
[2026-05-07 20:46:01]   inbox fetched: 80
[2026-05-07 20:46:01] === мў…лЈҢ: RED=0кұҙ push, OTHER=0кұҙ skip ===
[2026-05-07 20:51:00] === нҶөн•© inbox monitor мӢңмһ‘ ===
[2026-05-07 20:51:01]   inbox fetched: 80
[2026-05-07 20:51:01] === мў…лЈҢ: RED=0кұҙ push, OTHER=0кұҙ skip ===
[2026-05-07 20:56:00] === нҶөн•© inbox monitor мӢңмһ‘ ===
[2026-05-07 20:56:01]   inbox fetched: 80
[2026-05-07 20:56:01] === мў…лЈҢ: RED=0кұҙ push, OTHER=0кұҙ skip ===
[2026-05-07 21:01:00] === нҶөн•© inbox monitor мӢңмһ‘ ===
[2026-05-07 21:01:01]   inbox fetched: 80
[2026-05-07 21:01:01] === мў…лЈҢ: RED=0кұҙ push, OTHER=0кұҙ skip ===
[2026-05-07 21:06:00] === нҶөн•© inbox monitor мӢңмһ‘ ===
[2026-05-07 21:06:01]   inbox fetched: 80
[2026-05-07 21:06:01] === мў…лЈҢ: RED=0кұҙ push, OTHER=0кұҙ skip ===
[2026-05-07 21:11:00] === нҶөн•© inbox monitor мӢңмһ‘ ===
[2026-05-07 21:11:01]   inbox fetched: 80
[2026-05-07 21:11:01] === мў…лЈҢ: RED=0кұҙ push, OTHER=0кұҙ skip ===
[2026-05-07 21:16:00] === нҶөн•© inbox monitor мӢңмһ‘ ===
[2026-05-07 21:16:01]   inbox fetched: 80
[2026-05-07 21:16:01]   [OTHER NEW] 1кұҙ (push м•Ҳ н•Ё)
[2026-05-07 21:16:01] === мў…лЈҢ: RED=0кұҙ push, OTHER=1кұҙ skip ===
[2026-05-07 21:21:00] === нҶөн•© inbox monitor мӢңмһ‘ ===
[2026-05-07 21:21:01]   inbox fetched: 80
[2026-05-07 21:21:01] === мў…лЈҢ: RED=0кұҙ push, OTHER=0кұҙ skip ===
[2026-05-07 21:26:00] === нҶөн•© inbox monitor мӢңмһ‘ ===
[2026-05-07 21:26:01]   inbox fetched: 80
[2026-05-07 21:26:01] === мў…лЈҢ: RED=0кұҙ push, OTHER=0кұҙ skip ===
[2026-05-07 21:31:00] === нҶөн•© inbox monitor мӢңмһ‘ ===
[2026-05-07 21:31:01]   inbox fetched: 80
[2026-05-07 21:31:01] === мў…лЈҢ: RED=0кұҙ push, OTHER=0кұҙ skip ===
[2026-05-07 21:36:00] === нҶөн•© inbox monitor мӢңмһ‘ ===
[2026-05-07 21:36:01]   inbox fetched: 80
[2026-05-07 21:36:01] === мў…лЈҢ: RED=0кұҙ push, OTHER=0кұҙ skip ===
[2026-05-07 21:41:00] === нҶөн•© inbox monitor мӢңмһ‘ ===
[2026-05-07 21:41:01]   inbox fetched: 80
[2026-05-07 21:41:01] === мў…лЈҢ: RED=0кұҙ push, OTHER=0кұҙ skip ===
[2026-05-07 21:46:00] === нҶөн•© inbox monitor мӢңмһ‘ ===
[2026-05-07 21:46:01]   inbox fetched: 80
[2026-05-07 21:46:01] === мў…лЈҢ: RED=0кұҙ push, OTHER=0кұҙ skip ===
[2026-05-07 21:51:00] === нҶөн•© inbox monitor мӢңмһ‘ ===
[2026-05-07 21:51:01]   inbox fetched: 80
[2026-05-07 21:51:01] === мў…лЈҢ: RED=0кұҙ push, OTHER=0кұҙ skip ===
[2026-05-07 21:56:00] === нҶөн•© inbox monitor мӢңмһ‘ ===
[2026-05-07 21:56:01]   inbox fetched: 80
[2026-05-07 21:56:01] === мў…лЈҢ: RED=0кұҙ push, OTHER=0кұҙ skip ===
[2026-05-07 22:01:00] === нҶөн•© inbox monitor мӢңмһ‘ ===
[2026-05-07 22:01:01]   inbox fetched: 80
[2026-05-07 22:01:01] === мў…лЈҢ: RED=0кұҙ push, OTHER=0кұҙ skip ===
[2026-05-07 22:06:02] === нҶөн•© inbox monitor мӢңмһ‘ ===
[2026-05-07 22:06:02]   inbox fetched: 80
[2026-05-07 22:06:02] === мў…лЈҢ: RED=0кұҙ push, OTHER=0кұҙ skip ===
[2026-05-07 22:11:00] === нҶөн•© inbox monitor мӢңмһ‘ ===
[2026-05-07 22:11:01]   inbox fetched: 80
[2026-05-07 22:11:01] === мў…лЈҢ: RED=0кұҙ push, OTHER=0кұҙ skip ===
[2026-05-07 22:15:40] === нҶөн•© inbox monitor мӢңмһ‘ ===
[2026-05-07 22:15:40]   inbox fetched: 80
[2026-05-07 22:15:40] === мў…лЈҢ: RED=0кұҙ push, OTHER=0кұҙ skip ===
[2026-05-07 22:16:00] === нҶөн•© inbox monitor мӢңмһ‘ ===
[2026-05-07 22:16:01]   inbox fetched: 80
[2026-05-07 22:16:01] === мў…лЈҢ: RED=0кұҙ push, OTHER=0кұҙ skip ===
[2026-05-07 22:21:00] === нҶөн•© inbox monitor мӢңмһ‘ ===
[2026-05-07 22:21:01]   inbox fetched: 80
[2026-05-07 22:21:01] === мў…лЈҢ: RED=0кұҙ push, OTHER=0кұҙ skip ===
[2026-05-07 22:26:00] === нҶөн•© inbox monitor мӢңмһ‘ ===
[2026-05-07 22:26:01]   inbox fetched: 80
[2026-05-07 22:26:02]   [OTHER NEW] 1кұҙ (push м•Ҳ н•Ё)
[2026-05-07 22:26:02] === мў…лЈҢ: RED=0кұҙ push, OTHER=1кұҙ skip ===
[2026-05-07 22:30:39] === нҶөн•© inbox monitor мӢңмһ‘ ===
[2026-05-07 22:30:39]   inbox fetched: 80
[2026-05-07 22:30:39] === мў…лЈҢ: RED=0кұҙ push, OTHER=0кұҙ skip ===
[2026-05-07 22:31:00] === нҶөн•© inbox monitor мӢңмһ‘ ===
[2026-05-07 22:31:01]   inbox fetched: 80
[2026-05-07 22:31:01] === мў…лЈҢ: RED=0кұҙ push, OTHER=0кұҙ skip ===
[2026-05-07 22:36:00] === нҶөн•© inbox monitor мӢңмһ‘ ===
[2026-05-07 22:36:01]   inbox fetched: 80
[2026-05-07 22:36:01] === мў…лЈҢ: RED=0кұҙ push, OTHER=0кұҙ skip ===
[2026-05-07 22:41:00] === нҶөн•© inbox monitor мӢңмһ‘ ===
[2026-05-07 22:41:01]   inbox fetched: 80
[2026-05-07 22:41:01] === мў…лЈҢ: RED=0кұҙ push, OTHER=0кұҙ skip ===
[2026-05-07 22:45:39] === нҶөн•© inbox monitor мӢңмһ‘ ===
[2026-05-07 22:45:39]   inbox fetched: 80
[2026-05-07 22:45:39] === мў…лЈҢ: RED=0кұҙ push, OTHER=0кұҙ skip ===
[2026-05-07 23:00:39] === нҶөн•© inbox monitor мӢңмһ‘ ===
[2026-05-07 23:00:39]   inbox fetched: 80
[2026-05-07 23:00:40]   [OTHER NEW] 2кұҙ (push м•Ҳ н•Ё)
[2026-05-07 23:00:40] === мў…лЈҢ: RED=0кұҙ push, OTHER=2кұҙ skip ===
[2026-05-07 23:15:39] === нҶөн•© inbox monitor мӢңмһ‘ ===
[2026-05-07 23:15:39]   inbox fetched: 80
[2026-05-07 23:15:40]   [OTHER NEW] 1кұҙ (push м•Ҳ н•Ё)
[2026-05-07 23:15:40] === мў…лЈҢ: RED=0кұҙ push, OTHER=1кұҙ skip ===
[2026-05-07 23:30:39] === нҶөн•© inbox monitor мӢңмһ‘ ===
[2026-05-07 23:30:39]   inbox fetched: 80
[2026-05-07 23:30:40]   [OTHER NEW] 1кұҙ (push м•Ҳ н•Ё)
[2026-05-07 23:30:40] === мў…лЈҢ: RED=0кұҙ push, OTHER=1кұҙ skip ===
[2026-05-07 23:45:39] === нҶөн•© inbox monitor мӢңмһ‘ ===
[2026-05-07 23:45:40]   inbox fetched: 80
[2026-05-07 23:45:40] === мў…лЈҢ: RED=0кұҙ push, OTHER=0кұҙ skip ===
[2026-05-07 23:57:31] === нҶөн•© inbox monitor мӢңмһ‘ ===
[2026-05-07 23:57:32]   inbox fetched: 80
[2026-05-07 23:57:32] === мў…лЈҢ: RED=0кұҙ push, OTHER=0кұҙ skip ===
