[2026-05-08 00:00:39] === нҶөн•© inbox monitor мӢңмһ‘ ===
[2026-05-08 00:00:39]   inbox fetched: 80
[2026-05-08 00:00:39] === мў…лЈҢ: RED=0кұҙ push, OTHER=0кұҙ skip ===
[2026-05-08 00:15:39] === нҶөн•© inbox monitor мӢңмһ‘ ===
[2026-05-08 00:15:40]   inbox fetched: 80
[2026-05-08 00:15:40]   [OTHER NEW] 1кұҙ (push м•Ҳ н•Ё)
[2026-05-08 00:15:40] === мў…лЈҢ: RED=0кұҙ push, OTHER=1кұҙ skip ===
[2026-05-08 00:30:39] === нҶөн•© inbox monitor мӢңмһ‘ ===
[2026-05-08 00:30:40]   inbox fetched: 80
[2026-05-08 00:30:40] === мў…лЈҢ: RED=0кұҙ push, OTHER=0кұҙ skip ===
[2026-05-08 00:45:39] === нҶөн•© inbox monitor мӢңмһ‘ ===
[2026-05-08 00:45:40]   inbox fetched: 80
[2026-05-08 00:45:40]   [OTHER NEW] 1кұҙ (push м•Ҳ н•Ё)
[2026-05-08 00:45:40] === мў…лЈҢ: RED=0кұҙ push, OTHER=1кұҙ skip ===
[2026-05-08 01:00:39] === нҶөн•© inbox monitor мӢңмһ‘ ===
[2026-05-08 01:00:39]   inbox fetched: 80
[2026-05-08 01:00:39] === мў…лЈҢ: RED=0кұҙ push, OTHER=0кұҙ skip ===
[2026-05-08 01:15:39] === нҶөн•© inbox monitor мӢңмһ‘ ===
[2026-05-08 01:15:40]   inbox fetched: 80
[2026-05-08 01:15:40] === мў…лЈҢ: RED=0кұҙ push, OTHER=0кұҙ skip ===
[2026-05-08 01:30:39] === нҶөн•© inbox monitor мӢңмһ‘ ===
[2026-05-08 01:30:40]   inbox fetched: 80
[2026-05-08 01:30:40] === мў…лЈҢ: RED=0кұҙ push, OTHER=0кұҙ skip ===
[2026-05-08 01:45:39] === нҶөн•© inbox monitor мӢңмһ‘ ===
[2026-05-08 01:45:40]   inbox fetched: 80
[2026-05-08 01:45:40] === мў…лЈҢ: RED=0кұҙ push, OTHER=0кұҙ skip ===
[2026-05-08 02:00:39] === нҶөн•© inbox monitor мӢңмһ‘ ===
[2026-05-08 02:00:40]   inbox fetched: 80
[2026-05-08 02:00:40] === мў…лЈҢ: RED=0кұҙ push, OTHER=0кұҙ skip ===
[2026-05-08 02:15:38] === нҶөн•© inbox monitor мӢңмһ‘ ===
[2026-05-08 02:15:38]   inbox fetched: 80
[2026-05-08 02:15:39] === мў…лЈҢ: RED=0кұҙ push, OTHER=0кұҙ skip ===
[2026-05-08 02:30:38] === нҶөн•© inbox monitor мӢңмһ‘ ===
[2026-05-08 02:30:39]   inbox fetched: 80
[2026-05-08 02:30:39] === мў…лЈҢ: RED=0кұҙ push, OTHER=0кұҙ skip ===
[2026-05-08 02:45:38] === нҶөн•© inbox monitor мӢңмһ‘ ===
[2026-05-08 02:45:39]   inbox fetched: 80
[2026-05-08 02:45:39] === мў…лЈҢ: RED=0кұҙ push, OTHER=0кұҙ skip ===
[2026-05-08 03:00:38] === нҶөн•© inbox monitor мӢңмһ‘ ===
[2026-05-08 03:00:39]   inbox fetched: 80
[2026-05-08 03:00:39] === мў…лЈҢ: RED=0кұҙ push, OTHER=0кұҙ skip ===
[2026-05-08 03:15:38] === нҶөн•© inbox monitor мӢңмһ‘ ===
[2026-05-08 03:15:39]   inbox fetched: 80
[2026-05-08 03:15:39]   [OTHER NEW] 1кұҙ (push м•Ҳ н•Ё)
[2026-05-08 03:15:39] === мў…лЈҢ: RED=0кұҙ push, OTHER=1кұҙ skip ===
[2026-05-08 03:30:38] === нҶөн•© inbox monitor мӢңмһ‘ ===
[2026-05-08 03:30:39]   inbox fetched: 80
[2026-05-08 03:30:39] === мў…лЈҢ: RED=0кұҙ push, OTHER=0кұҙ skip ===
[2026-05-08 03:45:38] === нҶөн•© inbox monitor мӢңмһ‘ ===
[2026-05-08 03:45:39]   inbox fetched: 80
[2026-05-08 03:45:39] === мў…лЈҢ: RED=0кұҙ push, OTHER=0кұҙ skip ===
[2026-05-08 04:00:38] === нҶөн•© inbox monitor мӢңмһ‘ ===
[2026-05-08 04:00:39]   inbox fetched: 80
[2026-05-08 04:00:39] === мў…лЈҢ: RED=0кұҙ push, OTHER=0кұҙ skip ===
[2026-05-08 04:15:38] === нҶөн•© inbox monitor мӢңмһ‘ ===
[2026-05-08 04:15:39]   inbox fetched: 80
[2026-05-08 04:15:39]   [OTHER NEW] 1кұҙ (push м•Ҳ н•Ё)
[2026-05-08 04:15:39] === мў…лЈҢ: RED=0кұҙ push, OTHER=1кұҙ skip ===
[2026-05-08 04:30:38] === нҶөн•© inbox monitor мӢңмһ‘ ===
[2026-05-08 04:30:39]   inbox fetched: 80
[2026-05-08 04:30:39] === мў…лЈҢ: RED=0кұҙ push, OTHER=0кұҙ skip ===
[2026-05-08 04:45:38] === нҶөн•© inbox monitor мӢңмһ‘ ===
[2026-05-08 04:45:39]   inbox fetched: 80
[2026-05-08 04:45:39] === мў…лЈҢ: RED=0кұҙ push, OTHER=0кұҙ skip ===
[2026-05-08 05:00:38] === нҶөн•© inbox monitor мӢңмһ‘ ===
[2026-05-08 05:00:39]   inbox fetched: 80
[2026-05-08 05:00:39] === мў…лЈҢ: RED=0кұҙ push, OTHER=0кұҙ skip ===
[2026-05-08 05:15:38] === нҶөн•© inbox monitor мӢңмһ‘ ===
[2026-05-08 05:15:39]   inbox fetched: 80
[2026-05-08 05:15:39] === мў…лЈҢ: RED=0кұҙ push, OTHER=0кұҙ skip ===
[2026-05-08 05:30:38] === нҶөн•© inbox monitor мӢңмһ‘ ===
[2026-05-08 05:30:39]   inbox fetched: 80
[2026-05-08 05:30:39] === мў…лЈҢ: RED=0кұҙ push, OTHER=0кұҙ skip ===
[2026-05-08 05:45:38] === нҶөн•© inbox monitor мӢңмһ‘ ===
[2026-05-08 05:45:39]   inbox fetched: 80
[2026-05-08 05:45:39] === мў…лЈҢ: RED=0кұҙ push, OTHER=0кұҙ skip ===
[2026-05-08 06:00:38] === нҶөн•© inbox monitor мӢңмһ‘ ===
[2026-05-08 06:00:39]   inbox fetched: 80
[2026-05-08 06:00:39] === мў…лЈҢ: RED=0кұҙ push, OTHER=0кұҙ skip ===
[2026-05-08 06:15:38] === нҶөн•© inbox monitor мӢңмһ‘ ===
[2026-05-08 06:15:39]   inbox fetched: 80
[2026-05-08 06:15:39]   [OTHER NEW] 1кұҙ (push м•Ҳ н•Ё)
[2026-05-08 06:15:39] === мў…лЈҢ: RED=0кұҙ push, OTHER=1кұҙ skip ===
[2026-05-08 06:30:38] === нҶөн•© inbox monitor мӢңмһ‘ ===
[2026-05-08 06:30:39]   inbox fetched: 80
[2026-05-08 06:30:39] === мў…лЈҢ: RED=0кұҙ push, OTHER=0кұҙ skip ===
[2026-05-08 06:45:38] === нҶөн•© inbox monitor мӢңмһ‘ ===
[2026-05-08 06:45:39]   inbox fetched: 80
[2026-05-08 06:45:39] === мў…лЈҢ: RED=0кұҙ push, OTHER=0кұҙ skip ===
[2026-05-08 07:00:38] === нҶөн•© inbox monitor мӢңмһ‘ ===
[2026-05-08 07:00:39]   inbox fetched: 80
[2026-05-08 07:00:39] === мў…лЈҢ: RED=0кұҙ push, OTHER=0кұҙ skip ===
[2026-05-08 07:15:38] === нҶөн•© inbox monitor мӢңмһ‘ ===
[2026-05-08 07:15:39]   inbox fetched: 80
[2026-05-08 07:15:39] === мў…лЈҢ: RED=0кұҙ push, OTHER=0кұҙ skip ===
[2026-05-08 07:30:38] === нҶөн•© inbox monitor мӢңмһ‘ ===
[2026-05-08 07:30:39]   inbox fetched: 80
[2026-05-08 07:30:39] === мў…лЈҢ: RED=0кұҙ push, OTHER=0кұҙ skip ===
[2026-05-08 07:45:38] === нҶөн•© inbox monitor мӢңмһ‘ ===
[2026-05-08 07:45:39]   inbox fetched: 80
[2026-05-08 07:45:39]   [OTHER NEW] 1кұҙ (push м•Ҳ н•Ё)
[2026-05-08 07:45:39] === мў…лЈҢ: RED=0кұҙ push, OTHER=1кұҙ skip ===
[2026-05-08 08:00:38] === нҶөн•© inbox monitor мӢңмһ‘ ===
[2026-05-08 08:00:39]   inbox fetched: 80
[2026-05-08 08:00:39] === мў…лЈҢ: RED=0кұҙ push, OTHER=0кұҙ skip ===
[2026-05-08 08:15:38] === нҶөн•© inbox monitor мӢңмһ‘ ===
[2026-05-08 08:15:39]   inbox fetched: 80
[2026-05-08 08:15:39] === мў…лЈҢ: RED=0кұҙ push, OTHER=0кұҙ skip ===
[2026-05-08 08:30:38] === нҶөн•© inbox monitor мӢңмһ‘ ===
[2026-05-08 08:30:39]   inbox fetched: 80
[2026-05-08 08:30:39] === мў…лЈҢ: RED=0кұҙ push, OTHER=0кұҙ skip ===
[2026-05-08 08:45:38] === нҶөн•© inbox monitor мӢңмһ‘ ===
[2026-05-08 08:45:39]   inbox fetched: 80
[2026-05-08 08:45:40]   [RED] Instagram <follow-suggestions@mail.insta | duckhunhongлӢҳ, н”јл“ңм—җм„ң __cs_90лӢҳ, kkaebaegлӢҳ мҷё м—¬лҹ¬ мӮ¬лһҢл“Өмқ„ нҷ• | tg=True
[2026-05-08 08:45:40] === мў…лЈҢ: RED=1кұҙ push, OTHER=0кұҙ skip ===
[2026-05-08 09:00:38] === нҶөн•© inbox monitor мӢңмһ‘ ===
[2026-05-08 09:00:39]   inbox fetched: 80
[2026-05-08 09:00:39] === мў…лЈҢ: RED=0кұҙ push, OTHER=0кұҙ skip ===
[2026-05-08 09:15:38] === нҶөн•© inbox monitor мӢңмһ‘ ===
[2026-05-08 09:15:39]   inbox fetched: 80
[2026-05-08 09:15:39] === мў…лЈҢ: RED=0кұҙ push, OTHER=0кұҙ skip ===
[2026-05-08 09:30:38] === нҶөн•© inbox monitor мӢңмһ‘ ===
[2026-05-08 09:30:39]   inbox fetched: 80
[2026-05-08 09:30:39] === мў…лЈҢ: RED=0кұҙ push, OTHER=0кұҙ skip ===
[2026-05-08 09:45:38] === нҶөн•© inbox monitor мӢңмһ‘ ===
[2026-05-08 09:45:39]   inbox fetched: 80
[2026-05-08 09:45:39] === мў…лЈҢ: RED=0кұҙ push, OTHER=0кұҙ skip ===
[2026-05-08 10:00:38] === нҶөн•© inbox monitor мӢңмһ‘ ===
[2026-05-08 10:00:39]   inbox fetched: 80
[2026-05-08 10:00:39] === мў…лЈҢ: RED=0кұҙ push, OTHER=0кұҙ skip ===
[2026-05-08 10:15:38] === нҶөн•© inbox monitor мӢңмһ‘ ===
[2026-05-08 10:15:39]   inbox fetched: 80
[2026-05-08 10:15:39] === мў…лЈҢ: RED=0кұҙ push, OTHER=0кұҙ skip ===
[2026-05-08 10:30:38] === нҶөн•© inbox monitor мӢңмһ‘ ===
[2026-05-08 10:30:39]   inbox fetched: 80
[2026-05-08 10:30:39] === мў…лЈҢ: RED=0кұҙ push, OTHER=0кұҙ skip ===
[2026-05-08 10:45:38] === нҶөн•© inbox monitor мӢңмһ‘ ===
[2026-05-08 10:45:39]   inbox fetched: 80
[2026-05-08 10:45:39] === мў…лЈҢ: RED=0кұҙ push, OTHER=0кұҙ skip ===
[2026-05-08 11:00:38] === нҶөн•© inbox monitor мӢңмһ‘ ===
[2026-05-08 11:00:39]   inbox fetched: 80
[2026-05-08 11:00:39] === мў…лЈҢ: RED=0кұҙ push, OTHER=0кұҙ skip ===
[2026-05-08 11:15:38] === нҶөн•© inbox monitor мӢңмһ‘ ===
[2026-05-08 11:15:39]   inbox fetched: 80
[2026-05-08 11:15:39] === мў…лЈҢ: RED=0кұҙ push, OTHER=0кұҙ skip ===
[2026-05-08 11:30:38] === нҶөн•© inbox monitor мӢңмһ‘ ===
[2026-05-08 11:30:39]   inbox fetched: 80
[2026-05-08 11:30:39] === мў…лЈҢ: RED=0кұҙ push, OTHER=0кұҙ skip ===
[2026-05-08 11:45:38] === нҶөн•© inbox monitor мӢңмһ‘ ===
[2026-05-08 11:45:39]   inbox fetched: 80
[2026-05-08 11:45:40]   [RED] "м№ҙм№ҙмҳӨлІӨмІҳмҠӨKakao Ventures" <hello@kakaoventu | Re: [Seed м ңм•Ҳ] мІңлӘ…лӢ№ - Co-Star $25M лҜёкөӯл§Ң, м •нҶө н•ңкөӯ мӮ¬мЈј 4м–ём–ҙ | tg=True
[2026-05-08 11:45:40] === мў…лЈҢ: RED=1кұҙ push, OTHER=0кұҙ skip ===
