[23:08:32] === [ko] ko-weekly-fortune-free-ai-saju ===
[23:08:32]   fetching pollinations...
[23:08:35]   raw -> ko-weekly-fortune-free-ai-saju_raw.jpg (118KB)
[23:08:36]   overlay -> ko-weekly-fortune-free-ai-saju.png (1636KB)
[23:08:44] === [ko] ko-husband-wife-saju-compatibility ===
[23:08:44]   fetching pollinations...
[23:10:05]   raw -> ko-husband-wife-saju-compatibility_raw.jpg (120KB)
[23:10:05]   overlay -> ko-husband-wife-saju-compatibility.png (1772KB)
[23:10:13] === [ko] ko-dream-meaning-search ===
[23:10:13]   fetching pollinations...
[23:16:01] SKIP ko-weekly-fortune-free-ai-saju (already in queue)
[23:16:01] SKIP ko-husband-wife-saju-compatibility (already in queue)
[23:16:01] === [ko] ko-dream-meaning-search ===
[23:16:01]   fetching pollinations...
[23:16:02]   raw -> ko-dream-meaning-search_raw.jpg (90KB)
[23:16:03]   overlay -> ko-dream-meaning-search.png (1389KB)
[23:16:11] === [ko] ko-2026-red-horse-year-fortune ===
[23:16:11]   fetching pollinations...
[23:17:33]   raw -> ko-2026-red-horse-year-fortune_raw.jpg (125KB)
[23:17:33]   overlay -> ko-2026-red-horse-year-fortune.png (1851KB)
[23:17:41] === [ko] ko-kpop-idol-saju-style-analysis ===
[23:17:41]   fetching pollinations...
[23:19:03]   raw -> ko-kpop-idol-saju-style-analysis_raw.jpg (81KB)
[23:19:03]   overlay -> ko-kpop-idol-saju-style-analysis.png (1336KB)
[23:19:11] === [en] en-saju-vs-western-astrology ===
[23:19:11]   fetching pollinations...
[23:20:33]   raw -> en-saju-vs-western-astrology_raw.jpg (139KB)
[23:20:33]   overlay -> en-saju-vs-western-astrology.png (1864KB)
[23:20:41] === [en] en-four-pillars-of-destiny ===
[23:20:41]   fetching pollinations...
[23:22:03]   raw -> en-four-pillars-of-destiny_raw.jpg (130KB)
[23:22:03]   overlay -> en-four-pillars-of-destiny.png (1842KB)
[23:22:11] === [en] en-2026-red-horse-zodiac ===
[23:22:11]   fetching pollinations...
[23:23:32]   raw -> en-2026-red-horse-zodiac_raw.jpg (118KB)
[23:23:33]   overlay -> en-2026-red-horse-zodiac.png (1694KB)
[23:23:41] === [en] en-saju-compatibility-test-free ===
[23:23:41]   fetching pollinations...
[23:25:03]   raw -> en-saju-compatibility-test-free_raw.jpg (125KB)
[23:25:03]   overlay -> en-saju-compatibility-test-free.png (1793KB)
[23:25:11] === [en] en-ten-heavenly-stems-guide ===
[23:25:11]   fetching pollinations...
[23:26:33]   raw -> en-ten-heavenly-stems-guide_raw.jpg (128KB)
[23:26:33]   overlay -> en-ten-heavenly-stems-guide.png (1788KB)
[23:26:41] === [ja] ja-saju-vs-shichu-suimei ===
[23:26:41]   fetching pollinations...
[23:28:02]   raw -> ja-saju-vs-shichu-suimei_raw.jpg (106KB)
[23:28:03]   overlay -> ja-saju-vs-shichu-suimei.png (1590KB)
[23:28:11] === [ja] ja-four-pillars-meishiki ===
[23:28:11]   fetching pollinations...
[23:29:33]   raw -> ja-four-pillars-meishiki_raw.jpg (109KB)
[23:29:33]   overlay -> ja-four-pillars-meishiki.png (1590KB)
[23:29:41] === [ja] ja-2026-uma-year-zodiac ===
[23:29:41]   fetching pollinations...
[23:31:03]   raw -> ja-2026-uma-year-zodiac_raw.jpg (126KB)
[23:31:03]   overlay -> ja-2026-uma-year-zodiac.png (1857KB)
[23:31:11] === [ja] ja-saju-aishou-test ===
[23:31:11]   fetching pollinations...
[23:32:33]   raw -> ja-saju-aishou-test_raw.jpg (105KB)
[23:32:33]   overlay -> ja-saju-aishou-test.png (1661KB)
[23:32:41] === [ja] ja-jukkan-junishi-basics ===
[23:32:41]   fetching pollinations...
[23:34:02]   raw -> ja-jukkan-junishi-basics_raw.jpg (109KB)
[23:34:03]   overlay -> ja-jukkan-junishi-basics.png (1638KB)
[23:34:11] === [zh] zh-korean-bazi-vs-chinese-bazi ===
[23:34:11]   fetching pollinations...
[23:35:32]   raw -> zh-korean-bazi-vs-chinese-bazi_raw.jpg (117KB)
[23:35:33]   overlay -> zh-korean-bazi-vs-chinese-bazi.png (1738KB)
[23:35:41] === [zh] zh-four-pillars-mingli ===
[23:35:41]   fetching pollinations...
[23:37:03]   raw -> zh-four-pillars-mingli_raw.jpg (90KB)
[23:37:03]   overlay -> zh-four-pillars-mingli.png (1191KB)
[23:37:11] === [zh] zh-2026-red-horse-zodiac ===
[23:37:11]   fetching pollinations...
[23:38:32]   raw -> zh-2026-red-horse-zodiac_raw.jpg (148KB)
[23:38:33]   overlay -> zh-2026-red-horse-zodiac.png (2167KB)
[23:38:41] === [zh] zh-bazi-compatibility-test-free ===
[23:38:41]   fetching pollinations...
[23:40:02]   raw -> zh-bazi-compatibility-test-free_raw.jpg (128KB)
[23:40:03]   overlay -> zh-bazi-compatibility-test-free.png (1797KB)
[23:40:11] === [zh] zh-ten-stems-twelve-branches ===
[23:40:11]   fetching pollinations...
[23:41:32]   raw -> zh-ten-stems-twelve-branches_raw.jpg (134KB)
[23:41:33]   overlay -> zh-ten-stems-twelve-branches.png (1963KB)
[23:41:41] DONE: added 18 pins (ko=3 en=5 ja=5 zh=5)
[23:41:41]       failed 0, queue total = 53
