[19:14:27] === korean-saju-beginners-guide ===
[19:14:27]   fetching pollinations...
[19:14:29]   raw -> korean-saju-beginners-guide_raw.jpg (79KB)
[19:14:29]   overlay -> korean-saju-beginners-guide.png (1310KB)
[19:14:31] === seoul-hidden-gems-locals-pick ===
[19:14:31]   fetching pollinations...
[19:15:58]   raw -> seoul-hidden-gems-locals-pick_raw.jpg (98KB)
[19:15:59]   overlay -> seoul-hidden-gems-locals-pick.png (1453KB)
[19:16:01] === korean-zodiac-compatibility-soulmate ===
[19:16:01]   fetching pollinations...
[19:17:29]   raw -> korean-zodiac-compatibility-soulmate_raw.jpg (117KB)
[19:17:29]   overlay -> korean-zodiac-compatibility-soulmate.png (1708KB)
[19:17:31] === hangul-calligraphy-notion-template ===
[19:17:31]   fetching pollinations...
[19:18:59]   raw -> hangul-calligraphy-notion-template_raw.jpg (76KB)
[19:18:59]   overlay -> hangul-calligraphy-notion-template.png (1089KB)
[19:19:01] === saju-diary-12-month-workbook ===
[19:19:01]   fetching pollinations...
[19:20:28]   raw -> saju-diary-12-month-workbook_raw.jpg (89KB)
[19:20:28]   overlay -> saju-diary-12-month-workbook.png (1306KB)
[19:20:30] DONE: added 5 pins, queue total = 6
