[10:50:16] === saju-vs-western-astrology-difference ===
[10:50:16]   fetching pollinations...
[10:50:18]   raw -> saju-vs-western-astrology-difference_raw.jpg (128KB)
[10:50:19]   overlay -> saju-vs-western-astrology-difference.png (1903KB)
[10:50:21] === naver-map-vs-google-maps-korea ===
[10:50:21]   fetching pollinations...
[10:51:48]   raw -> naver-map-vs-google-maps-korea_raw.jpg (92KB)
[10:51:48]   overlay -> naver-map-vs-google-maps-korea.png (1328KB)
[10:51:50] === kakaotaxi-foreigner-guide-korea ===
[10:51:50]   fetching pollinations...
[10:53:18]   raw -> kakaotaxi-foreigner-guide-korea_raw.jpg (83KB)
[10:53:18]   overlay -> kakaotaxi-foreigner-guide-korea.png (1493KB)
[10:53:20] === korea-travel-budget-7days-2026 ===
[10:53:20]   fetching pollinations...
[10:54:48]   raw -> korea-travel-budget-7days-2026_raw.jpg (108KB)
[10:54:48]   overlay -> korea-travel-budget-7days-2026.png (1505KB)
[10:54:50] === what-is-saju-1000-year-korean-astrology ===
[10:54:50]   fetching pollinations...
[10:56:18]   raw -> what-is-saju-1000-year-korean-astrology_raw.jpg (82KB)
[10:56:18]   overlay -> what-is-saju-1000-year-korean-astrology.png (1418KB)
[10:56:20] DONE: added 5 pins, queue total = 22
