[11:18:50] === olive-young-shopping-guide-pin ===
[11:18:50]   fetching pollinations...
[11:18:51]   raw -> olive-young-shopping-guide-pin_raw.jpg (69KB)
[11:18:51]   overlay -> olive-young-shopping-guide-pin.png (1115KB)
[11:18:53] === korean-temple-stay-experience ===
[11:18:53]   fetching pollinations...
[11:20:21]   raw -> korean-temple-stay-experience_raw.jpg (101KB)
[11:20:21]   overlay -> korean-temple-stay-experience.png (1519KB)
[11:20:23] === hanbok-rental-bukchon-photo ===
[11:20:23]   fetching pollinations...
[11:21:51]   raw -> hanbok-rental-bukchon-photo_raw.jpg (121KB)
[11:21:52]   overlay -> hanbok-rental-bukchon-photo.png (1639KB)
[11:21:54] === saju-compatibility-couples-2026 ===
[11:21:54]   fetching pollinations...
[11:23:21]   raw -> saju-compatibility-couples-2026_raw.jpg (87KB)
[11:23:21]   overlay -> saju-compatibility-couples-2026.png (1479KB)
[11:23:23] === korean-bbq-etiquette-foreigners ===
[11:23:23]   fetching pollinations...
[11:24:51]   raw -> korean-bbq-etiquette-foreigners_raw.jpg (72KB)
[11:24:51]   overlay -> korean-bbq-etiquette-foreigners.png (1281KB)
[11:24:53] DONE: added 5 pins, queue total = 27
