[18:48:11] === notion-template-saju-2026 ===
[18:48:11]   fetching pollinations...
[18:48:13]   raw -> notion-template-saju-2026_raw.jpg (88KB)
[18:48:13]   overlay -> notion-template-saju-2026.png (1266KB)
[18:48:13] === notion-template-mbti-archetypes ===
[18:48:13]   fetching pollinations...
[18:49:42]   raw -> notion-template-mbti-archetypes_raw.jpg (64KB)
[18:49:43]   overlay -> notion-template-mbti-archetypes.png (957KB)
[18:49:43] === notion-template-ai-side-hustle ===
[18:49:43]   fetching pollinations...
[18:51:12]   raw -> notion-template-ai-side-hustle_raw.jpg (73KB)
[18:51:13]   overlay -> notion-template-ai-side-hustle.png (1217KB)
[18:51:13] === notion-template-korean-planner ===
[18:51:13]   fetching pollinations...
[18:52:42]   raw -> notion-template-korean-planner_raw.jpg (104KB)
[18:52:43]   overlay -> notion-template-korean-planner.png (1509KB)
[18:52:43] === notion-template-mega-bundle-5 ===
[18:52:43]   fetching pollinations...
[18:54:12]   raw -> notion-template-mega-bundle-5_raw.jpg (64KB)
[18:54:13]   overlay -> notion-template-mega-bundle-5.png (889KB)
[18:54:13] DONE — added 5/5 pins. Queue total: 33
